[2021-10-12 22:46:56,549] {taskinstance.py:903} INFO - Dependencies all met for <TaskInstance: estate_pipeline.data_reader 2021-10-10T12:02:00+00:00 [queued]>
[2021-10-12 22:46:56,557] {taskinstance.py:903} INFO - Dependencies all met for <TaskInstance: estate_pipeline.data_reader 2021-10-10T12:02:00+00:00 [queued]>
[2021-10-12 22:46:56,557] {taskinstance.py:1095} INFO - 
--------------------------------------------------------------------------------
[2021-10-12 22:46:56,557] {taskinstance.py:1096} INFO - Starting attempt 1 of 3
[2021-10-12 22:46:56,557] {taskinstance.py:1097} INFO - 
--------------------------------------------------------------------------------
[2021-10-12 22:46:56,564] {taskinstance.py:1115} INFO - Executing <Task(PythonOperator): data_reader> on 2021-10-10T12:02:00+00:00
[2021-10-12 22:46:56,567] {standard_task_runner.py:52} INFO - Started process 213484 to run task
[2021-10-12 22:46:56,571] {standard_task_runner.py:76} INFO - Running: ['airflow', 'tasks', 'run', 'estate_pipeline', 'data_reader', '2021-10-10T12:02:00+00:00', '--job-id', '22', '--pool', 'default_pool', '--raw', '--subdir', 'DAGS_FOLDER/main_dag.py', '--cfg-path', '/tmp/tmpmi07p23z', '--error-file', '/tmp/tmprnq300oo']
[2021-10-12 22:46:56,571] {standard_task_runner.py:77} INFO - Job 22: Subtask data_reader
[2021-10-12 22:46:56,593] {logging_mixin.py:109} INFO - Running <TaskInstance: estate_pipeline.data_reader 2021-10-10T12:02:00+00:00 [running]> on host ubuntu
[2021-10-12 22:46:56,617] {taskinstance.py:1252} INFO - Exporting the following env vars:
AIRFLOW_CTX_DAG_EMAIL=swchen1282@gmail.com
AIRFLOW_CTX_DAG_OWNER=swc
AIRFLOW_CTX_DAG_ID=estate_pipeline
AIRFLOW_CTX_TASK_ID=data_reader
AIRFLOW_CTX_EXECUTION_DATE=2021-10-10T12:02:00+00:00
AIRFLOW_CTX_DAG_RUN_ID=scheduled__2021-10-10T12:02:00+00:00
[2021-10-12 22:46:56,618] {logging_mixin.py:109} INFO - absolute_path=/home/swc/job_hunt/cbkpi/app/airflow_root/dags
[2021-10-12 22:46:56,618] {logging_mixin.py:109} INFO - data_source_path=/home/swc/job_hunt/cbkpi/app
[2021-10-12 22:46:56,618] {logging_mixin.py:109} INFO - ['106S1', '106S1.zip', '106S2', '106S2.zip', '106S3', '106S3.zip', '106S4', '106S4.zip', '107S1', '107S1.zip', '107S2', '107S2.zip', '107S3', '107S3.zip', '107S4', '107S4.zip', '108S1', '108S1.zip', '108S2', '108S2.zip', '108S3', '108S3.zip', '108S4', '108S4.zip', '109S1', '109S1.zip', '109S2', '109S2.zip', '109S3', '109S3.zip', '109S4', '109S4.zip']
[2021-10-12 22:46:56,618] {logging_mixin.py:109} INFO - current path is: /home/swc/job_hunt/cbkpi/app/data_source; start data processing
[2021-10-12 22:46:56,707] {logging_mixin.py:109} INFO - import 106_1_E_A data into pd.DataFrame successfully
[2021-10-12 22:46:56,752] {logging_mixin.py:109} INFO - import 106_1_A_A data into pd.DataFrame successfully
[2021-10-12 22:46:56,849] {logging_mixin.py:109} INFO - import 106_1_F_A data into pd.DataFrame successfully
[2021-10-12 22:46:56,870] {logging_mixin.py:109} INFO - import 106_1_H_B data into pd.DataFrame successfully
[2021-10-12 22:46:56,888] {logging_mixin.py:109} INFO - import 106_1_B_B data into pd.DataFrame successfully
[2021-10-12 22:46:56,888] {logging_mixin.py:109} INFO - 106S1.zip is a zip file, skip
[2021-10-12 22:46:56,955] {logging_mixin.py:109} INFO - import 106_2_E_A data into pd.DataFrame successfully
[2021-10-12 22:46:57,012] {logging_mixin.py:109} INFO - import 106_2_A_A data into pd.DataFrame successfully
[2021-10-12 22:46:57,115] {logging_mixin.py:109} INFO - import 106_2_F_A data into pd.DataFrame successfully
[2021-10-12 22:46:57,143] {logging_mixin.py:109} INFO - import 106_2_H_B data into pd.DataFrame successfully
[2021-10-12 22:46:57,143] {logging_mixin.py:109} INFO - 106S2.zip is a zip file, skip
[2021-10-12 22:46:57,239] {logging_mixin.py:109} INFO - import 106_3_E_A data into pd.DataFrame successfully
[2021-10-12 22:46:57,293] {logging_mixin.py:109} INFO - import 106_3_A_A data into pd.DataFrame successfully
[2021-10-12 22:46:57,419] {logging_mixin.py:109} INFO - import 106_3_F_A data into pd.DataFrame successfully
[2021-10-12 22:46:57,451] {logging_mixin.py:109} INFO - import 106_3_H_B data into pd.DataFrame successfully
[2021-10-12 22:46:57,485] {logging_mixin.py:109} INFO - import 106_3_B_B data into pd.DataFrame successfully
[2021-10-12 22:46:57,485] {logging_mixin.py:109} INFO - 106S3.zip is a zip file, skip
[2021-10-12 22:46:57,592] {logging_mixin.py:109} INFO - import 106_4_E_A data into pd.DataFrame successfully
[2021-10-12 22:46:57,664] {logging_mixin.py:109} INFO - import 106_4_A_A data into pd.DataFrame successfully
[2021-10-12 22:46:57,815] {logging_mixin.py:109} INFO - import 106_4_F_A data into pd.DataFrame successfully
[2021-10-12 22:46:57,862] {logging_mixin.py:109} INFO - import 106_4_H_B data into pd.DataFrame successfully
[2021-10-12 22:46:57,921] {logging_mixin.py:109} INFO - import 106_4_B_B data into pd.DataFrame successfully
[2021-10-12 22:46:57,921] {logging_mixin.py:109} INFO - 106S4.zip is a zip file, skip
[2021-10-12 22:46:58,052] {logging_mixin.py:109} INFO - import 107_1_E_A data into pd.DataFrame successfully
[2021-10-12 22:46:58,239] {logging_mixin.py:109} INFO - import 107_1_A_A data into pd.DataFrame successfully
[2021-10-12 22:46:58,501] {logging_mixin.py:109} INFO - import 107_1_F_A data into pd.DataFrame successfully
[2021-10-12 22:46:58,559] {logging_mixin.py:109} INFO - import 107_1_H_B data into pd.DataFrame successfully
[2021-10-12 22:46:58,631] {logging_mixin.py:109} INFO - import 107_1_B_B data into pd.DataFrame successfully
[2021-10-12 22:46:58,633] {logging_mixin.py:109} INFO - 107S1.zip is a zip file, skip
[2021-10-12 22:46:58,860] {logging_mixin.py:109} INFO - import 107_2_E_A data into pd.DataFrame successfully
[2021-10-12 22:46:58,991] {logging_mixin.py:109} INFO - import 107_2_A_A data into pd.DataFrame successfully
[2021-10-12 22:46:59,167] {logging_mixin.py:109} INFO - import 107_2_F_A data into pd.DataFrame successfully
[2021-10-12 22:46:59,241] {logging_mixin.py:109} INFO - import 107_2_H_B data into pd.DataFrame successfully
[2021-10-12 22:46:59,315] {logging_mixin.py:109} INFO - import 107_2_B_B data into pd.DataFrame successfully
[2021-10-12 22:46:59,315] {logging_mixin.py:109} INFO - 107S2.zip is a zip file, skip
[2021-10-12 22:46:59,463] {logging_mixin.py:109} INFO - import 107_3_E_A data into pd.DataFrame successfully
[2021-10-12 22:46:59,571] {logging_mixin.py:109} INFO - import 107_3_A_A data into pd.DataFrame successfully
[2021-10-12 22:46:59,806] {logging_mixin.py:109} INFO - import 107_3_F_A data into pd.DataFrame successfully
[2021-10-12 22:46:59,881] {logging_mixin.py:109} INFO - import 107_3_H_B data into pd.DataFrame successfully
[2021-10-12 22:46:59,953] {logging_mixin.py:109} INFO - import 107_3_B_B data into pd.DataFrame successfully
[2021-10-12 22:46:59,953] {logging_mixin.py:109} INFO - 107S3.zip is a zip file, skip
[2021-10-12 22:47:00,076] {logging_mixin.py:109} INFO - import 107_4_E_A data into pd.DataFrame successfully
[2021-10-12 22:47:00,184] {logging_mixin.py:109} INFO - import 107_4_A_A data into pd.DataFrame successfully
[2021-10-12 22:47:00,350] {logging_mixin.py:109} INFO - import 107_4_F_A data into pd.DataFrame successfully
[2021-10-12 22:47:00,428] {logging_mixin.py:109} INFO - import 107_4_H_B data into pd.DataFrame successfully
[2021-10-12 22:47:00,494] {logging_mixin.py:109} INFO - import 107_4_B_B data into pd.DataFrame successfully
[2021-10-12 22:47:00,495] {logging_mixin.py:109} INFO - 107S4.zip is a zip file, skip
[2021-10-12 22:47:00,614] {logging_mixin.py:109} INFO - import 108_1_E_A data into pd.DataFrame successfully
[2021-10-12 22:47:00,728] {logging_mixin.py:109} INFO - import 108_1_A_A data into pd.DataFrame successfully
[2021-10-12 22:47:00,902] {logging_mixin.py:109} INFO - import 108_1_F_A data into pd.DataFrame successfully
[2021-10-12 22:47:00,987] {logging_mixin.py:109} INFO - import 108_1_H_B data into pd.DataFrame successfully
[2021-10-12 22:47:01,075] {logging_mixin.py:109} INFO - import 108_1_B_B data into pd.DataFrame successfully
[2021-10-12 22:47:01,075] {logging_mixin.py:109} INFO - 108S1.zip is a zip file, skip
[2021-10-12 22:47:01,245] {logging_mixin.py:109} INFO - import 108_2_E_A data into pd.DataFrame successfully
[2021-10-12 22:47:01,369] {logging_mixin.py:109} INFO - import 108_2_A_A data into pd.DataFrame successfully
[2021-10-12 22:47:01,562] {logging_mixin.py:109} INFO - import 108_2_F_A data into pd.DataFrame successfully
[2021-10-12 22:47:01,659] {logging_mixin.py:109} INFO - import 108_2_H_B data into pd.DataFrame successfully
[2021-10-12 22:47:01,754] {logging_mixin.py:109} INFO - import 108_2_B_B data into pd.DataFrame successfully
[2021-10-12 22:47:01,755] {logging_mixin.py:109} INFO - 108S2.zip is a zip file, skip
[2021-10-12 22:47:01,925] {logging_mixin.py:109} INFO - import 108_3_E_A data into pd.DataFrame successfully
[2021-10-12 22:47:02,089] {logging_mixin.py:109} INFO - import 108_3_A_A data into pd.DataFrame successfully
[2021-10-12 22:47:02,326] {logging_mixin.py:109} INFO - import 108_3_F_A data into pd.DataFrame successfully
[2021-10-12 22:47:02,446] {logging_mixin.py:109} INFO - import 108_3_H_B data into pd.DataFrame successfully
[2021-10-12 22:47:02,552] {logging_mixin.py:109} INFO - import 108_3_B_B data into pd.DataFrame successfully
[2021-10-12 22:47:02,552] {logging_mixin.py:109} INFO - 108S3.zip is a zip file, skip
[2021-10-12 22:47:02,723] {logging_mixin.py:109} INFO - import 108_4_E_A data into pd.DataFrame successfully
[2021-10-12 22:47:02,873] {logging_mixin.py:109} INFO - import 108_4_A_A data into pd.DataFrame successfully
[2021-10-12 22:47:03,086] {logging_mixin.py:109} INFO - import 108_4_F_A data into pd.DataFrame successfully
[2021-10-12 22:47:03,204] {logging_mixin.py:109} INFO - import 108_4_H_B data into pd.DataFrame successfully
[2021-10-12 22:47:03,338] {logging_mixin.py:109} INFO - import 108_4_B_B data into pd.DataFrame successfully
[2021-10-12 22:47:03,338] {logging_mixin.py:109} INFO - 108S4.zip is a zip file, skip
[2021-10-12 22:47:03,555] {logging_mixin.py:109} INFO - import 109_1_E_A data into pd.DataFrame successfully
[2021-10-12 22:47:03,723] {logging_mixin.py:109} INFO - import 109_1_A_A data into pd.DataFrame successfully
[2021-10-12 22:47:03,939] {logging_mixin.py:109} INFO - import 109_1_F_A data into pd.DataFrame successfully
[2021-10-12 22:47:04,110] {logging_mixin.py:109} INFO - import 109_1_H_B data into pd.DataFrame successfully
[2021-10-12 22:47:04,240] {logging_mixin.py:109} INFO - import 109_1_B_B data into pd.DataFrame successfully
[2021-10-12 22:47:04,241] {logging_mixin.py:109} INFO - 109S1.zip is a zip file, skip
[2021-10-12 22:47:04,431] {logging_mixin.py:109} INFO - import 109_2_E_A data into pd.DataFrame successfully
[2021-10-12 22:47:04,601] {logging_mixin.py:109} INFO - import 109_2_A_A data into pd.DataFrame successfully
[2021-10-12 22:47:04,834] {logging_mixin.py:109} INFO - import 109_2_F_A data into pd.DataFrame successfully
[2021-10-12 22:47:05,038] {logging_mixin.py:109} INFO - import 109_2_H_B data into pd.DataFrame successfully
[2021-10-12 22:47:05,191] {logging_mixin.py:109} INFO - import 109_2_B_B data into pd.DataFrame successfully
[2021-10-12 22:47:05,191] {logging_mixin.py:109} INFO - 109S2.zip is a zip file, skip
[2021-10-12 22:47:05,507] {logging_mixin.py:109} INFO - import 109_3_E_A data into pd.DataFrame successfully
[2021-10-12 22:47:05,760] {logging_mixin.py:109} INFO - import 109_3_A_A data into pd.DataFrame successfully
[2021-10-12 22:47:05,912] {logging_mixin.py:109} WARNING - /home/swc/job_hunt/cbkpi/venv/lib/python3.8/site-packages/airflow/operators/python.py:161 DtypeWarning: Columns (3,7,14,15,16,17,18,21,22,24,25) have mixed types.Specify dtype option on import or set low_memory=False.
[2021-10-12 22:47:06,111] {logging_mixin.py:109} INFO - import 109_3_F_A data into pd.DataFrame successfully
[2021-10-12 22:47:06,330] {logging_mixin.py:109} INFO - import 109_3_H_B data into pd.DataFrame successfully
[2021-10-12 22:47:06,517] {logging_mixin.py:109} INFO - import 109_3_B_B data into pd.DataFrame successfully
[2021-10-12 22:47:06,517] {logging_mixin.py:109} INFO - 109S3.zip is a zip file, skip
[2021-10-12 22:47:06,774] {logging_mixin.py:109} INFO - import 109_4_E_A data into pd.DataFrame successfully
[2021-10-12 22:47:07,005] {logging_mixin.py:109} INFO - import 109_4_A_A data into pd.DataFrame successfully
[2021-10-12 22:47:07,454] {logging_mixin.py:109} INFO - import 109_4_F_A data into pd.DataFrame successfully
[2021-10-12 22:47:07,678] {logging_mixin.py:109} INFO - import 109_4_H_B data into pd.DataFrame successfully
[2021-10-12 22:47:07,864] {logging_mixin.py:109} INFO - import 109_4_B_B data into pd.DataFrame successfully
[2021-10-12 22:47:07,865] {logging_mixin.py:109} INFO - 109S4.zip is a zip file, skip
[2021-10-12 22:47:12,046] {python.py:151} INFO - Done. Returned value was: successfully
[2021-10-12 22:47:12,058] {taskinstance.py:1212} INFO - Marking task as SUCCESS. dag_id=estate_pipeline, task_id=data_reader, execution_date=20211010T120200, start_date=20211012T144656, end_date=20211012T144712
[2021-10-12 22:47:12,082] {local_task_job.py:151} INFO - Task exited with return code 0
[2021-10-12 22:47:12,096] {local_task_job.py:261} INFO - 1 downstream tasks scheduled from follow-on schedule check
