[2021-10-12 22:36:48,232] {taskinstance.py:903} INFO - Dependencies all met for <TaskInstance: estate_pipeline.data_processor 2021-10-07T00:00:00+00:00 [queued]>
[2021-10-12 22:36:48,239] {taskinstance.py:903} INFO - Dependencies all met for <TaskInstance: estate_pipeline.data_processor 2021-10-07T00:00:00+00:00 [queued]>
[2021-10-12 22:36:48,239] {taskinstance.py:1095} INFO - 
--------------------------------------------------------------------------------
[2021-10-12 22:36:48,239] {taskinstance.py:1096} INFO - Starting attempt 1 of 3
[2021-10-12 22:36:48,239] {taskinstance.py:1097} INFO - 
--------------------------------------------------------------------------------
[2021-10-12 22:36:48,247] {taskinstance.py:1115} INFO - Executing <Task(PythonOperator): data_processor> on 2021-10-07T00:00:00+00:00
[2021-10-12 22:36:48,250] {standard_task_runner.py:52} INFO - Started process 212463 to run task
[2021-10-12 22:36:48,254] {standard_task_runner.py:76} INFO - Running: ['airflow', 'tasks', 'run', 'estate_pipeline', 'data_processor', '2021-10-07T00:00:00+00:00', '--job-id', '6', '--pool', 'default_pool', '--raw', '--subdir', 'DAGS_FOLDER/main_dag.py', '--cfg-path', '/tmp/tmp7_99ow7_', '--error-file', '/tmp/tmprj165eg8']
[2021-10-12 22:36:48,255] {standard_task_runner.py:77} INFO - Job 6: Subtask data_processor
[2021-10-12 22:36:48,277] {logging_mixin.py:109} INFO - Running <TaskInstance: estate_pipeline.data_processor 2021-10-07T00:00:00+00:00 [running]> on host ubuntu
[2021-10-12 22:36:48,313] {taskinstance.py:1252} INFO - Exporting the following env vars:
AIRFLOW_CTX_DAG_EMAIL=swchen1282@gmail.com
AIRFLOW_CTX_DAG_OWNER=swc
AIRFLOW_CTX_DAG_ID=estate_pipeline
AIRFLOW_CTX_TASK_ID=data_processor
AIRFLOW_CTX_EXECUTION_DATE=2021-10-07T00:00:00+00:00
AIRFLOW_CTX_DAG_RUN_ID=scheduled__2021-10-07T00:00:00+00:00
[2021-10-12 22:36:50,497] {logging_mixin.py:109} WARNING - /home/swc/job_hunt/cbkpi/venv/lib/python3.8/site-packages/airflow/operators/python.py:161 DtypeWarning: Columns (14) have mixed types.Specify dtype option on import or set low_memory=False.
[2021-10-12 22:36:50,850] {logging_mixin.py:109} INFO -        The villages and towns urban district transaction sign  ... Unnamed: 32    df_name
0                                        鼓山區        房地(土地+建物)  ...         NaN  106_1_E_A
1                                        鼓山區        房地(土地+建物)  ...         NaN  106_1_E_A
2                                        鼓山區     房地(土地+建物)+車位  ...         NaN  106_1_E_A
3                                        鹽埕區        房地(土地+建物)  ...         NaN  106_1_E_A
4                                        鼓山區        房地(土地+建物)  ...         NaN  106_1_E_A
...                                      ...              ...  ...         ...        ...
355318                                   士林區     房地(土地+建物)+車位  ...         NaN  109_1_A_A
355319                                   北投區               車位  ...         NaN  109_1_A_A
355320                                   北投區        房地(土地+建物)  ...         NaN  109_1_A_A
355321                                   士林區        房地(土地+建物)  ...         NaN  109_1_A_A
355322                                   中山區        房地(土地+建物)  ...         NaN  109_1_A_A

[355323 rows x 34 columns]
[2021-10-12 22:36:52,721] {python.py:151} INFO - Done. Returned value was: None
[2021-10-12 22:36:52,769] {taskinstance.py:1212} INFO - Marking task as SUCCESS. dag_id=estate_pipeline, task_id=data_processor, execution_date=20211007T000000, start_date=20211012T143648, end_date=20211012T143652
[2021-10-12 22:36:52,811] {local_task_job.py:151} INFO - Task exited with return code 0
[2021-10-12 22:36:52,823] {local_task_job.py:261} INFO - 0 downstream tasks scheduled from follow-on schedule check
[2021-10-12 22:36:52,830] {dagrun.py:477} INFO - Marking run <DagRun estate_pipeline @ 2021-10-07 00:00:00+00:00: scheduled__2021-10-07T00:00:00+00:00, externally triggered: False> successful
