[2021-10-12 13:33:22,334] {taskinstance.py:903} INFO - Dependencies all met for <TaskInstance: estate_pipeline.data_reader 2021-10-07T00:00:00+00:00 [queued]>
[2021-10-12 13:33:22,344] {taskinstance.py:903} INFO - Dependencies all met for <TaskInstance: estate_pipeline.data_reader 2021-10-07T00:00:00+00:00 [queued]>
[2021-10-12 13:33:22,344] {taskinstance.py:1095} INFO - 
--------------------------------------------------------------------------------
[2021-10-12 13:33:22,344] {taskinstance.py:1096} INFO - Starting attempt 1 of 3
[2021-10-12 13:33:22,344] {taskinstance.py:1097} INFO - 
--------------------------------------------------------------------------------
[2021-10-12 13:33:22,352] {taskinstance.py:1115} INFO - Executing <Task(PythonOperator): data_reader> on 2021-10-07T00:00:00+00:00
[2021-10-12 13:33:22,360] {standard_task_runner.py:52} INFO - Started process 16954 to run task
[2021-10-12 13:33:22,368] {standard_task_runner.py:76} INFO - Running: ['airflow', 'tasks', 'run', 'estate_pipeline', 'data_reader', '2021-10-07T00:00:00+00:00', '--job-id', '2', '--pool', 'default_pool', '--raw', '--subdir', 'DAGS_FOLDER/main_dag.py', '--cfg-path', '/tmp/tmpvwt1et_t', '--error-file', '/tmp/tmpdlqzjnl6']
[2021-10-12 13:33:22,373] {standard_task_runner.py:77} INFO - Job 2: Subtask data_reader
[2021-10-12 13:33:22,413] {logging_mixin.py:109} INFO - Running <TaskInstance: estate_pipeline.data_reader 2021-10-07T00:00:00+00:00 [running]> on host ubuntu
[2021-10-12 13:33:22,448] {taskinstance.py:1254} INFO - Exporting the following env vars:
AIRFLOW_CTX_DAG_EMAIL=swchen1282@gmail.com
AIRFLOW_CTX_DAG_OWNER=swc
AIRFLOW_CTX_DAG_ID=estate_pipeline
AIRFLOW_CTX_TASK_ID=data_reader
AIRFLOW_CTX_EXECUTION_DATE=2021-10-07T00:00:00+00:00
AIRFLOW_CTX_DAG_RUN_ID=scheduled__2021-10-07T00:00:00+00:00
[2021-10-12 13:33:22,449] {logging_mixin.py:109} INFO - absolute_path=/home/dev/cbkpi/app/airflow_root/dags
[2021-10-12 13:33:22,450] {logging_mixin.py:109} INFO - data_source_path=/home/dev/cbkpi/app
[2021-10-12 13:33:22,450] {logging_mixin.py:109} INFO - ['107S4.zip', '108S2.zip', '108S3.zip', '107S1', '107S1.zip', '109S1', '106S1', '108S4.zip', '108S4', '107S2', '107S2.zip', '106S2.zip', '108S3', '109S2', '109S4.zip', '106S2', '107S4', '106S3', '108S1', '109S2.zip', '106S3.zip', '106S4.zip', '109S3', '109S4', '109S1.zip', '106S4', '107S3', '108S1.zip', '106S1.zip', '107S3.zip', '108S2', '109S3.zip']
[2021-10-12 13:33:22,450] {logging_mixin.py:109} INFO - current path is: /home/dev/cbkpi/app/data_source; start data processing
[2021-10-12 13:33:22,452] {logging_mixin.py:109} INFO - 107S4.zip is a zip file, skip
[2021-10-12 13:33:22,452] {logging_mixin.py:109} INFO - 108S2.zip is a zip file, skip
[2021-10-12 13:33:22,452] {logging_mixin.py:109} INFO - 108S3.zip is a zip file, skip
[2021-10-12 13:33:22,493] {logging_mixin.py:109} INFO - import 107_1_B_B data into pd.DataFrame successfully
[2021-10-12 13:33:22,670] {logging_mixin.py:109} INFO - import 107_1_F_A data into pd.DataFrame successfully
[2021-10-12 13:33:22,698] {logging_mixin.py:109} INFO - import 107_1_H_B data into pd.DataFrame successfully
[2021-10-12 13:33:22,840] {logging_mixin.py:109} INFO - import 107_1_E_A data into pd.DataFrame successfully
[2021-10-12 13:33:22,937] {logging_mixin.py:109} INFO - import 107_1_A_A data into pd.DataFrame successfully
[2021-10-12 13:33:22,938] {logging_mixin.py:109} INFO - 107S1.zip is a zip file, skip
[2021-10-12 13:33:22,985] {logging_mixin.py:109} INFO - import 109_1_B_B data into pd.DataFrame successfully
[2021-10-12 13:33:23,238] {logging_mixin.py:109} INFO - import 109_1_F_A data into pd.DataFrame successfully
[2021-10-12 13:33:23,296] {logging_mixin.py:109} INFO - import 109_1_H_B data into pd.DataFrame successfully
[2021-10-12 13:33:23,500] {logging_mixin.py:109} INFO - import 109_1_E_A data into pd.DataFrame successfully
[2021-10-12 13:33:23,636] {logging_mixin.py:109} INFO - import 109_1_A_A data into pd.DataFrame successfully
[2021-10-12 13:33:23,697] {logging_mixin.py:109} INFO - import 106_1_B_B data into pd.DataFrame successfully
[2021-10-12 13:33:23,874] {logging_mixin.py:109} INFO - import 106_1_F_A data into pd.DataFrame successfully
[2021-10-12 13:33:24,008] {logging_mixin.py:109} INFO - import 106_1_H_B data into pd.DataFrame successfully
[2021-10-12 13:33:24,134] {logging_mixin.py:109} INFO - import 106_1_E_A data into pd.DataFrame successfully
[2021-10-12 13:33:24,299] {logging_mixin.py:109} INFO - import 106_1_A_A data into pd.DataFrame successfully
[2021-10-12 13:33:24,299] {logging_mixin.py:109} INFO - 108S4.zip is a zip file, skip
[2021-10-12 13:33:24,363] {logging_mixin.py:109} INFO - import 108_4_B_B data into pd.DataFrame successfully
[2021-10-12 13:33:24,564] {logging_mixin.py:109} INFO - import 108_4_F_A data into pd.DataFrame successfully
[2021-10-12 13:33:24,685] {logging_mixin.py:109} INFO - import 108_4_H_B data into pd.DataFrame successfully
[2021-10-12 13:33:24,828] {logging_mixin.py:109} INFO - import 108_4_E_A data into pd.DataFrame successfully
[2021-10-12 13:33:25,044] {logging_mixin.py:109} INFO - import 108_4_A_A data into pd.DataFrame successfully
[2021-10-12 13:33:25,228] {logging_mixin.py:109} INFO - import 107_2_B_B data into pd.DataFrame successfully
[2021-10-12 13:33:25,388] {logging_mixin.py:109} INFO - import 107_2_F_A data into pd.DataFrame successfully
[2021-10-12 13:33:25,555] {logging_mixin.py:109} INFO - import 107_2_H_B data into pd.DataFrame successfully
[2021-10-12 13:33:25,705] {logging_mixin.py:109} INFO - import 107_2_E_A data into pd.DataFrame successfully
[2021-10-12 13:33:25,984] {logging_mixin.py:109} INFO - import 107_2_A_A data into pd.DataFrame successfully
[2021-10-12 13:33:25,985] {logging_mixin.py:109} INFO - 107S2.zip is a zip file, skip
[2021-10-12 13:33:25,985] {logging_mixin.py:109} INFO - 106S2.zip is a zip file, skip
[2021-10-12 13:33:26,162] {logging_mixin.py:109} INFO - import 108_3_B_B data into pd.DataFrame successfully
[2021-10-12 13:33:26,409] {logging_mixin.py:109} INFO - import 108_3_F_A data into pd.DataFrame successfully
[2021-10-12 13:33:26,627] {logging_mixin.py:109} INFO - import 108_3_H_B data into pd.DataFrame successfully
[2021-10-12 13:33:26,829] {logging_mixin.py:109} INFO - import 108_3_E_A data into pd.DataFrame successfully
[2021-10-12 13:33:27,175] {logging_mixin.py:109} INFO - import 108_3_A_A data into pd.DataFrame successfully
[2021-10-12 13:33:27,472] {logging_mixin.py:109} INFO - import 109_2_B_B data into pd.DataFrame successfully
[2021-10-12 13:33:27,689] {logging_mixin.py:109} INFO - import 109_2_F_A data into pd.DataFrame successfully
[2021-10-12 13:33:27,973] {logging_mixin.py:109} INFO - import 109_2_H_B data into pd.DataFrame successfully
[2021-10-12 13:33:28,236] {logging_mixin.py:109} INFO - import 109_2_E_A data into pd.DataFrame successfully
[2021-10-12 13:33:28,614] {logging_mixin.py:109} INFO - import 109_2_A_A data into pd.DataFrame successfully
[2021-10-12 13:33:28,614] {logging_mixin.py:109} INFO - 109S4.zip is a zip file, skip
[2021-10-12 13:33:29,358] {logging_mixin.py:109} INFO - import 106_2_F_A data into pd.DataFrame successfully
[2021-10-12 13:33:30,218] {logging_mixin.py:109} INFO - import 106_2_H_B data into pd.DataFrame successfully
[2021-10-12 13:33:30,742] {logging_mixin.py:109} INFO - import 106_2_E_A data into pd.DataFrame successfully
[2021-10-12 13:33:31,827] {logging_mixin.py:109} INFO - import 106_2_A_A data into pd.DataFrame successfully
[2021-10-12 13:33:33,027] {logging_mixin.py:109} INFO - import 107_4_B_B data into pd.DataFrame successfully
[2021-10-12 13:33:33,337] {logging_mixin.py:109} INFO - import 107_4_F_A data into pd.DataFrame successfully
[2021-10-12 13:33:33,859] {logging_mixin.py:109} INFO - import 107_4_H_B data into pd.DataFrame successfully
[2021-10-12 13:33:34,128] {logging_mixin.py:109} INFO - import 107_4_E_A data into pd.DataFrame successfully
[2021-10-12 13:33:34,730] {logging_mixin.py:109} INFO - import 107_4_A_A data into pd.DataFrame successfully
[2021-10-12 13:33:35,371] {logging_mixin.py:109} INFO - import 106_3_B_B data into pd.DataFrame successfully
[2021-10-12 13:33:35,705] {logging_mixin.py:109} INFO - import 106_3_F_A data into pd.DataFrame successfully
[2021-10-12 13:33:36,260] {logging_mixin.py:109} INFO - import 106_3_H_B data into pd.DataFrame successfully
[2021-10-12 13:33:36,671] {logging_mixin.py:109} INFO - import 106_3_E_A data into pd.DataFrame successfully
[2021-10-12 13:33:37,414] {logging_mixin.py:109} INFO - import 106_3_A_A data into pd.DataFrame successfully
[2021-10-12 13:33:38,397] {logging_mixin.py:109} INFO - import 108_1_B_B data into pd.DataFrame successfully
[2021-10-12 13:33:39,033] {logging_mixin.py:109} INFO - import 108_1_F_A data into pd.DataFrame successfully
[2021-10-12 13:33:40,353] {logging_mixin.py:109} INFO - import 108_1_H_B data into pd.DataFrame successfully
[2021-10-12 13:33:40,858] {logging_mixin.py:109} INFO - import 108_1_E_A data into pd.DataFrame successfully
[2021-10-12 13:33:42,091] {logging_mixin.py:109} INFO - import 108_1_A_A data into pd.DataFrame successfully
[2021-10-12 13:33:42,091] {logging_mixin.py:109} INFO - 109S2.zip is a zip file, skip
[2021-10-12 13:33:42,092] {logging_mixin.py:109} INFO - 106S3.zip is a zip file, skip
[2021-10-12 13:33:42,092] {logging_mixin.py:109} INFO - 106S4.zip is a zip file, skip
[2021-10-12 13:33:43,370] {logging_mixin.py:109} INFO - import 109_3_B_B data into pd.DataFrame successfully
[2021-10-12 13:33:43,590] {logging_mixin.py:109} WARNING - /home/dev/cbkpi/venv/lib/python3.6/site-packages/airflow/models/taskinstance.py:1313 DtypeWarning: Columns (3,7,14,15,16,17,18,21,22,24,25) have mixed types.Specify dtype option on import or set low_memory=False.
[2021-10-12 13:33:44,757] {logging_mixin.py:109} INFO - import 109_3_F_A data into pd.DataFrame successfully
[2021-10-12 13:33:47,571] {logging_mixin.py:109} INFO - import 109_3_H_B data into pd.DataFrame successfully
[2021-10-12 13:33:49,099] {logging_mixin.py:109} INFO - import 109_3_E_A data into pd.DataFrame successfully
[2021-10-12 13:33:50,545] {logging_mixin.py:109} INFO - import 109_3_A_A data into pd.DataFrame successfully
[2021-10-12 13:33:52,297] {logging_mixin.py:109} INFO - import 109_4_B_B data into pd.DataFrame successfully
[2021-10-12 13:33:54,169] {logging_mixin.py:109} INFO - import 109_4_F_A data into pd.DataFrame successfully
[2021-10-12 13:33:55,859] {logging_mixin.py:109} INFO - import 109_4_H_B data into pd.DataFrame successfully
[2021-10-12 13:33:57,789] {logging_mixin.py:109} INFO - import 109_4_E_A data into pd.DataFrame successfully
[2021-10-12 13:34:00,241] {logging_mixin.py:109} INFO - import 109_4_A_A data into pd.DataFrame successfully
[2021-10-12 13:34:00,241] {logging_mixin.py:109} INFO - 109S1.zip is a zip file, skip
[2021-10-12 13:34:02,816] {logging_mixin.py:109} INFO - import 106_4_B_B data into pd.DataFrame successfully
[2021-10-12 13:34:04,673] {logging_mixin.py:109} INFO - import 106_4_F_A data into pd.DataFrame successfully
[2021-10-12 13:34:06,573] {logging_mixin.py:109} INFO - import 106_4_H_B data into pd.DataFrame successfully
[2021-10-12 13:34:08,829] {logging_mixin.py:109} INFO - import 106_4_E_A data into pd.DataFrame successfully
[2021-10-12 13:34:10,686] {logging_mixin.py:109} INFO - import 106_4_A_A data into pd.DataFrame successfully
[2021-10-12 13:34:12,935] {logging_mixin.py:109} INFO - import 107_3_B_B data into pd.DataFrame successfully
[2021-10-12 13:34:15,652] {logging_mixin.py:109} INFO - import 107_3_F_A data into pd.DataFrame successfully
[2021-10-12 13:34:17,827] {logging_mixin.py:109} INFO - import 107_3_H_B data into pd.DataFrame successfully
[2021-10-12 13:34:20,324] {logging_mixin.py:109} INFO - import 107_3_E_A data into pd.DataFrame successfully
[2021-10-12 13:34:22,621] {logging_mixin.py:109} INFO - import 107_3_A_A data into pd.DataFrame successfully
[2021-10-12 13:34:22,626] {logging_mixin.py:109} INFO - 108S1.zip is a zip file, skip
[2021-10-12 13:34:22,626] {logging_mixin.py:109} INFO - 106S1.zip is a zip file, skip
[2021-10-12 13:34:22,626] {logging_mixin.py:109} INFO - 107S3.zip is a zip file, skip
[2021-10-12 13:34:46,858] {logging_mixin.py:109} INFO - import 108_2_B_B data into pd.DataFrame successfully
[2021-10-12 13:35:11,650] {local_task_job.py:151} INFO - Task exited with return code Negsignal.SIGKILL
[2021-10-12 13:35:11,663] {taskinstance.py:1513} INFO - Marking task as UP_FOR_RETRY. dag_id=estate_pipeline, task_id=data_reader, execution_date=20211007T000000, start_date=20211012T053322, end_date=20211012T053511
[2021-10-12 13:35:11,790] {local_task_job.py:261} INFO - 0 downstream tasks scheduled from follow-on schedule check
[2021-10-12 22:35:49,616] {taskinstance.py:903} INFO - Dependencies all met for <TaskInstance: estate_pipeline.data_reader 2021-10-07T00:00:00+00:00 [queued]>
[2021-10-12 22:35:49,625] {taskinstance.py:903} INFO - Dependencies all met for <TaskInstance: estate_pipeline.data_reader 2021-10-07T00:00:00+00:00 [queued]>
[2021-10-12 22:35:49,625] {taskinstance.py:1095} INFO - 
--------------------------------------------------------------------------------
[2021-10-12 22:35:49,625] {taskinstance.py:1096} INFO - Starting attempt 1 of 3
[2021-10-12 22:35:49,625] {taskinstance.py:1097} INFO - 
--------------------------------------------------------------------------------
[2021-10-12 22:35:49,632] {taskinstance.py:1115} INFO - Executing <Task(PythonOperator): data_reader> on 2021-10-07T00:00:00+00:00
[2021-10-12 22:35:49,635] {standard_task_runner.py:52} INFO - Started process 212317 to run task
[2021-10-12 22:35:49,644] {standard_task_runner.py:76} INFO - Running: ['airflow', 'tasks', 'run', 'estate_pipeline', 'data_reader', '2021-10-07T00:00:00+00:00', '--job-id', '2', '--pool', 'default_pool', '--raw', '--subdir', 'DAGS_FOLDER/main_dag.py', '--cfg-path', '/tmp/tmpn5omxbmi', '--error-file', '/tmp/tmptaxcjc5_']
[2021-10-12 22:35:49,645] {standard_task_runner.py:77} INFO - Job 2: Subtask data_reader
[2021-10-12 22:35:49,707] {logging_mixin.py:109} INFO - Running <TaskInstance: estate_pipeline.data_reader 2021-10-07T00:00:00+00:00 [running]> on host ubuntu
[2021-10-12 22:35:49,745] {taskinstance.py:1252} INFO - Exporting the following env vars:
AIRFLOW_CTX_DAG_EMAIL=swchen1282@gmail.com
AIRFLOW_CTX_DAG_OWNER=swc
AIRFLOW_CTX_DAG_ID=estate_pipeline
AIRFLOW_CTX_TASK_ID=data_reader
AIRFLOW_CTX_EXECUTION_DATE=2021-10-07T00:00:00+00:00
AIRFLOW_CTX_DAG_RUN_ID=scheduled__2021-10-07T00:00:00+00:00
[2021-10-12 22:35:49,747] {logging_mixin.py:109} INFO - absolute_path=/home/swc/job_hunt/cbkpi/app/airflow_root/dags
[2021-10-12 22:35:49,747] {logging_mixin.py:109} INFO - data_source_path=/home/swc/job_hunt/cbkpi/app
[2021-10-12 22:35:49,747] {logging_mixin.py:109} INFO - ['106S1', '106S1.zip', '106S2', '106S2.zip', '106S3', '106S3.zip', '106S4', '106S4.zip', '107S1', '107S1.zip', '107S2', '107S2.zip', '107S3', '107S3.zip', '107S4', '107S4.zip', '108S1', '108S1.zip', '108S2', '108S2.zip', '108S3', '108S3.zip', '108S4', '108S4.zip', '109S1', '109S1.zip', '109S2', '109S2.zip', '109S3', '109S3.zip', '109S4', '109S4.zip']
[2021-10-12 22:35:49,748] {logging_mixin.py:109} INFO - current path is: /home/swc/job_hunt/cbkpi/app/data_source; start data processing
[2021-10-12 22:35:49,920] {logging_mixin.py:109} INFO - import 106_1_E_A data into pd.DataFrame successfully
[2021-10-12 22:35:50,012] {logging_mixin.py:109} INFO - import 106_1_A_A data into pd.DataFrame successfully
[2021-10-12 22:35:50,281] {logging_mixin.py:109} INFO - import 106_1_F_A data into pd.DataFrame successfully
[2021-10-12 22:35:50,308] {logging_mixin.py:109} INFO - import 106_1_H_B data into pd.DataFrame successfully
[2021-10-12 22:35:50,328] {logging_mixin.py:109} INFO - import 106_1_B_B data into pd.DataFrame successfully
[2021-10-12 22:35:50,329] {logging_mixin.py:109} INFO - 106S1.zip is a zip file, skip
[2021-10-12 22:35:50,484] {logging_mixin.py:109} INFO - import 106_2_E_A data into pd.DataFrame successfully
[2021-10-12 22:35:50,549] {logging_mixin.py:109} INFO - import 106_2_A_A data into pd.DataFrame successfully
[2021-10-12 22:35:50,682] {logging_mixin.py:109} INFO - import 106_2_F_A data into pd.DataFrame successfully
[2021-10-12 22:35:50,708] {logging_mixin.py:109} INFO - import 106_2_H_B data into pd.DataFrame successfully
[2021-10-12 22:35:50,708] {logging_mixin.py:109} INFO - 106S2.zip is a zip file, skip
[2021-10-12 22:35:50,849] {logging_mixin.py:109} INFO - import 106_3_E_A data into pd.DataFrame successfully
[2021-10-12 22:35:50,960] {logging_mixin.py:109} INFO - import 106_3_A_A data into pd.DataFrame successfully
[2021-10-12 22:35:51,258] {logging_mixin.py:109} INFO - import 106_3_F_A data into pd.DataFrame successfully
[2021-10-12 22:35:51,291] {logging_mixin.py:109} INFO - import 106_3_H_B data into pd.DataFrame successfully
[2021-10-12 22:35:51,317] {logging_mixin.py:109} INFO - import 106_3_B_B data into pd.DataFrame successfully
[2021-10-12 22:35:51,317] {logging_mixin.py:109} INFO - 106S3.zip is a zip file, skip
[2021-10-12 22:35:51,428] {logging_mixin.py:109} INFO - import 106_4_E_A data into pd.DataFrame successfully
[2021-10-12 22:35:51,568] {logging_mixin.py:109} INFO - import 106_4_A_A data into pd.DataFrame successfully
[2021-10-12 22:35:51,988] {logging_mixin.py:109} INFO - import 106_4_F_A data into pd.DataFrame successfully
[2021-10-12 22:35:52,037] {logging_mixin.py:109} INFO - import 106_4_H_B data into pd.DataFrame successfully
[2021-10-12 22:35:52,117] {logging_mixin.py:109} INFO - import 106_4_B_B data into pd.DataFrame successfully
[2021-10-12 22:35:52,118] {logging_mixin.py:109} INFO - 106S4.zip is a zip file, skip
[2021-10-12 22:35:52,330] {logging_mixin.py:109} INFO - import 107_1_E_A data into pd.DataFrame successfully
[2021-10-12 22:35:52,440] {logging_mixin.py:109} INFO - import 107_1_A_A data into pd.DataFrame successfully
[2021-10-12 22:35:52,707] {logging_mixin.py:109} INFO - import 107_1_F_A data into pd.DataFrame successfully
[2021-10-12 22:35:52,801] {logging_mixin.py:109} INFO - import 107_1_H_B data into pd.DataFrame successfully
[2021-10-12 22:35:52,855] {logging_mixin.py:109} INFO - import 107_1_B_B data into pd.DataFrame successfully
[2021-10-12 22:35:52,856] {logging_mixin.py:109} INFO - 107S1.zip is a zip file, skip
[2021-10-12 22:35:52,984] {logging_mixin.py:109} INFO - import 107_2_E_A data into pd.DataFrame successfully
[2021-10-12 22:35:53,097] {logging_mixin.py:109} INFO - import 107_2_A_A data into pd.DataFrame successfully
[2021-10-12 22:35:53,269] {logging_mixin.py:109} INFO - import 107_2_F_A data into pd.DataFrame successfully
[2021-10-12 22:35:53,339] {logging_mixin.py:109} INFO - import 107_2_H_B data into pd.DataFrame successfully
[2021-10-12 22:35:53,402] {logging_mixin.py:109} INFO - import 107_2_B_B data into pd.DataFrame successfully
[2021-10-12 22:35:53,403] {logging_mixin.py:109} INFO - 107S2.zip is a zip file, skip
[2021-10-12 22:35:53,553] {logging_mixin.py:109} INFO - import 107_3_E_A data into pd.DataFrame successfully
[2021-10-12 22:35:53,673] {logging_mixin.py:109} INFO - import 107_3_A_A data into pd.DataFrame successfully
[2021-10-12 22:35:53,904] {logging_mixin.py:109} INFO - import 107_3_F_A data into pd.DataFrame successfully
[2021-10-12 22:35:54,031] {logging_mixin.py:109} INFO - import 107_3_H_B data into pd.DataFrame successfully
[2021-10-12 22:35:54,137] {logging_mixin.py:109} INFO - import 107_3_B_B data into pd.DataFrame successfully
[2021-10-12 22:35:54,137] {logging_mixin.py:109} INFO - 107S3.zip is a zip file, skip
[2021-10-12 22:35:54,318] {logging_mixin.py:109} INFO - import 107_4_E_A data into pd.DataFrame successfully
[2021-10-12 22:35:54,440] {logging_mixin.py:109} INFO - import 107_4_A_A data into pd.DataFrame successfully
[2021-10-12 22:35:54,694] {logging_mixin.py:109} INFO - import 107_4_F_A data into pd.DataFrame successfully
[2021-10-12 22:35:54,793] {logging_mixin.py:109} INFO - import 107_4_H_B data into pd.DataFrame successfully
[2021-10-12 22:35:54,926] {logging_mixin.py:109} INFO - import 107_4_B_B data into pd.DataFrame successfully
[2021-10-12 22:35:54,926] {logging_mixin.py:109} INFO - 107S4.zip is a zip file, skip
[2021-10-12 22:35:55,101] {logging_mixin.py:109} INFO - import 108_1_E_A data into pd.DataFrame successfully
[2021-10-12 22:35:55,254] {logging_mixin.py:109} INFO - import 108_1_A_A data into pd.DataFrame successfully
[2021-10-12 22:35:55,491] {logging_mixin.py:109} INFO - import 108_1_F_A data into pd.DataFrame successfully
[2021-10-12 22:35:55,614] {logging_mixin.py:109} INFO - import 108_1_H_B data into pd.DataFrame successfully
[2021-10-12 22:35:55,731] {logging_mixin.py:109} INFO - import 108_1_B_B data into pd.DataFrame successfully
[2021-10-12 22:35:55,732] {logging_mixin.py:109} INFO - 108S1.zip is a zip file, skip
[2021-10-12 22:35:55,944] {logging_mixin.py:109} INFO - import 108_2_E_A data into pd.DataFrame successfully
[2021-10-12 22:35:56,121] {logging_mixin.py:109} INFO - import 108_2_A_A data into pd.DataFrame successfully
[2021-10-12 22:35:56,445] {logging_mixin.py:109} INFO - import 108_2_F_A data into pd.DataFrame successfully
[2021-10-12 22:35:56,580] {logging_mixin.py:109} INFO - import 108_2_H_B data into pd.DataFrame successfully
[2021-10-12 22:35:56,679] {logging_mixin.py:109} INFO - import 108_2_B_B data into pd.DataFrame successfully
[2021-10-12 22:35:56,679] {logging_mixin.py:109} INFO - 108S2.zip is a zip file, skip
[2021-10-12 22:35:56,890] {logging_mixin.py:109} INFO - import 108_3_E_A data into pd.DataFrame successfully
[2021-10-12 22:35:57,153] {logging_mixin.py:109} INFO - import 108_3_A_A data into pd.DataFrame successfully
[2021-10-12 22:35:57,468] {logging_mixin.py:109} INFO - import 108_3_F_A data into pd.DataFrame successfully
[2021-10-12 22:35:57,679] {logging_mixin.py:109} INFO - import 108_3_H_B data into pd.DataFrame successfully
[2021-10-12 22:35:57,808] {logging_mixin.py:109} INFO - import 108_3_B_B data into pd.DataFrame successfully
[2021-10-12 22:35:57,808] {logging_mixin.py:109} INFO - 108S3.zip is a zip file, skip
[2021-10-12 22:35:58,015] {logging_mixin.py:109} INFO - import 108_4_E_A data into pd.DataFrame successfully
[2021-10-12 22:35:58,194] {logging_mixin.py:109} INFO - import 108_4_A_A data into pd.DataFrame successfully
[2021-10-12 22:35:58,549] {logging_mixin.py:109} INFO - import 108_4_F_A data into pd.DataFrame successfully
[2021-10-12 22:35:58,770] {logging_mixin.py:109} INFO - import 108_4_H_B data into pd.DataFrame successfully
[2021-10-12 22:35:58,943] {logging_mixin.py:109} INFO - import 108_4_B_B data into pd.DataFrame successfully
[2021-10-12 22:35:58,943] {logging_mixin.py:109} INFO - 108S4.zip is a zip file, skip
[2021-10-12 22:35:59,150] {logging_mixin.py:109} INFO - import 109_1_E_A data into pd.DataFrame successfully
[2021-10-12 22:35:59,340] {logging_mixin.py:109} INFO - import 109_1_A_A data into pd.DataFrame successfully
[2021-10-12 22:35:59,600] {logging_mixin.py:109} INFO - import 109_1_F_A data into pd.DataFrame successfully
[2021-10-12 22:35:59,741] {logging_mixin.py:109} INFO - import 109_1_H_B data into pd.DataFrame successfully
[2021-10-12 22:35:59,871] {logging_mixin.py:109} INFO - import 109_1_B_B data into pd.DataFrame successfully
[2021-10-12 22:35:59,872] {logging_mixin.py:109} INFO - 109S1.zip is a zip file, skip
[2021-10-12 22:36:00,100] {logging_mixin.py:109} INFO - import 109_2_E_A data into pd.DataFrame successfully
[2021-10-12 22:36:00,295] {logging_mixin.py:109} INFO - import 109_2_A_A data into pd.DataFrame successfully
[2021-10-12 22:36:00,585] {logging_mixin.py:109} INFO - import 109_2_F_A data into pd.DataFrame successfully
[2021-10-12 22:36:00,792] {logging_mixin.py:109} INFO - import 109_2_H_B data into pd.DataFrame successfully
[2021-10-12 22:36:00,960] {logging_mixin.py:109} INFO - import 109_2_B_B data into pd.DataFrame successfully
[2021-10-12 22:36:00,960] {logging_mixin.py:109} INFO - 109S2.zip is a zip file, skip
[2021-10-12 22:36:01,298] {logging_mixin.py:109} INFO - import 109_3_E_A data into pd.DataFrame successfully
[2021-10-12 22:36:01,603] {logging_mixin.py:109} INFO - import 109_3_A_A data into pd.DataFrame successfully
[2021-10-12 22:36:01,817] {logging_mixin.py:109} WARNING - /home/swc/job_hunt/cbkpi/venv/lib/python3.8/site-packages/airflow/operators/python.py:161 DtypeWarning: Columns (3,7,14,15,16,17,18,21,22,24,25) have mixed types.Specify dtype option on import or set low_memory=False.
[2021-10-12 22:36:02,092] {logging_mixin.py:109} INFO - import 109_3_F_A data into pd.DataFrame successfully
[2021-10-12 22:36:02,360] {logging_mixin.py:109} INFO - import 109_3_H_B data into pd.DataFrame successfully
[2021-10-12 22:36:02,565] {logging_mixin.py:109} INFO - import 109_3_B_B data into pd.DataFrame successfully
[2021-10-12 22:36:02,566] {logging_mixin.py:109} INFO - 109S3.zip is a zip file, skip
[2021-10-12 22:36:02,892] {logging_mixin.py:109} INFO - import 109_4_E_A data into pd.DataFrame successfully
[2021-10-12 22:36:03,266] {logging_mixin.py:109} INFO - import 109_4_A_A data into pd.DataFrame successfully
[2021-10-12 22:36:03,747] {logging_mixin.py:109} INFO - import 109_4_F_A data into pd.DataFrame successfully
[2021-10-12 22:36:03,979] {logging_mixin.py:109} INFO - import 109_4_H_B data into pd.DataFrame successfully
[2021-10-12 22:36:04,281] {logging_mixin.py:109} INFO - import 109_4_B_B data into pd.DataFrame successfully
[2021-10-12 22:36:04,282] {logging_mixin.py:109} INFO - 109S4.zip is a zip file, skip
[2021-10-12 22:36:08,998] {python.py:151} INFO - Done. Returned value was: successfully
[2021-10-12 22:36:09,013] {taskinstance.py:1212} INFO - Marking task as SUCCESS. dag_id=estate_pipeline, task_id=data_reader, execution_date=20211007T000000, start_date=20211012T143549, end_date=20211012T143609
[2021-10-12 22:36:09,057] {local_task_job.py:151} INFO - Task exited with return code 0
[2021-10-12 22:36:09,071] {local_task_job.py:261} INFO - 1 downstream tasks scheduled from follow-on schedule check
