[2021-10-12 22:44:45,683] {taskinstance.py:903} INFO - Dependencies all met for <TaskInstance: estate_pipeline.data_reader 2021-10-10T00:02:00+00:00 [queued]>
[2021-10-12 22:44:45,692] {taskinstance.py:903} INFO - Dependencies all met for <TaskInstance: estate_pipeline.data_reader 2021-10-10T00:02:00+00:00 [queued]>
[2021-10-12 22:44:45,692] {taskinstance.py:1095} INFO - 
--------------------------------------------------------------------------------
[2021-10-12 22:44:45,692] {taskinstance.py:1096} INFO - Starting attempt 1 of 3
[2021-10-12 22:44:45,692] {taskinstance.py:1097} INFO - 
--------------------------------------------------------------------------------
[2021-10-12 22:44:45,699] {taskinstance.py:1115} INFO - Executing <Task(PythonOperator): data_reader> on 2021-10-10T00:02:00+00:00
[2021-10-12 22:44:45,702] {standard_task_runner.py:52} INFO - Started process 213184 to run task
[2021-10-12 22:44:45,706] {standard_task_runner.py:76} INFO - Running: ['airflow', 'tasks', 'run', 'estate_pipeline', 'data_reader', '2021-10-10T00:02:00+00:00', '--job-id', '18', '--pool', 'default_pool', '--raw', '--subdir', 'DAGS_FOLDER/main_dag.py', '--cfg-path', '/tmp/tmpei8zx55e', '--error-file', '/tmp/tmplz94px_i']
[2021-10-12 22:44:45,707] {standard_task_runner.py:77} INFO - Job 18: Subtask data_reader
[2021-10-12 22:44:45,731] {logging_mixin.py:109} INFO - Running <TaskInstance: estate_pipeline.data_reader 2021-10-10T00:02:00+00:00 [running]> on host ubuntu
[2021-10-12 22:44:45,759] {taskinstance.py:1252} INFO - Exporting the following env vars:
AIRFLOW_CTX_DAG_EMAIL=swchen1282@gmail.com
AIRFLOW_CTX_DAG_OWNER=swc
AIRFLOW_CTX_DAG_ID=estate_pipeline
AIRFLOW_CTX_TASK_ID=data_reader
AIRFLOW_CTX_EXECUTION_DATE=2021-10-10T00:02:00+00:00
AIRFLOW_CTX_DAG_RUN_ID=scheduled__2021-10-10T00:02:00+00:00
[2021-10-12 22:44:45,760] {logging_mixin.py:109} INFO - absolute_path=/home/swc/job_hunt/cbkpi/app/airflow_root/dags
[2021-10-12 22:44:45,760] {logging_mixin.py:109} INFO - data_source_path=/home/swc/job_hunt/cbkpi/app
[2021-10-12 22:44:45,760] {logging_mixin.py:109} INFO - ['106S1', '106S1.zip', '106S2', '106S2.zip', '106S3', '106S3.zip', '106S4', '106S4.zip', '107S1', '107S1.zip', '107S2', '107S2.zip', '107S3', '107S3.zip', '107S4', '107S4.zip', '108S1', '108S1.zip', '108S2', '108S2.zip', '108S3', '108S3.zip', '108S4', '108S4.zip', '109S1', '109S1.zip', '109S2', '109S2.zip', '109S3', '109S3.zip', '109S4', '109S4.zip']
[2021-10-12 22:44:45,760] {logging_mixin.py:109} INFO - current path is: /home/swc/job_hunt/cbkpi/app/data_source; start data processing
[2021-10-12 22:44:45,828] {logging_mixin.py:109} INFO - import 106_1_E_A data into pd.DataFrame successfully
[2021-10-12 22:44:45,863] {logging_mixin.py:109} INFO - import 106_1_A_A data into pd.DataFrame successfully
[2021-10-12 22:44:45,956] {logging_mixin.py:109} INFO - import 106_1_F_A data into pd.DataFrame successfully
[2021-10-12 22:44:45,975] {logging_mixin.py:109} INFO - import 106_1_H_B data into pd.DataFrame successfully
[2021-10-12 22:44:45,991] {logging_mixin.py:109} INFO - import 106_1_B_B data into pd.DataFrame successfully
[2021-10-12 22:44:45,991] {logging_mixin.py:109} INFO - 106S1.zip is a zip file, skip
[2021-10-12 22:44:46,068] {logging_mixin.py:109} INFO - import 106_2_E_A data into pd.DataFrame successfully
[2021-10-12 22:44:46,125] {logging_mixin.py:109} INFO - import 106_2_A_A data into pd.DataFrame successfully
[2021-10-12 22:44:46,228] {logging_mixin.py:109} INFO - import 106_2_F_A data into pd.DataFrame successfully
[2021-10-12 22:44:46,256] {logging_mixin.py:109} INFO - import 106_2_H_B data into pd.DataFrame successfully
[2021-10-12 22:44:46,256] {logging_mixin.py:109} INFO - 106S2.zip is a zip file, skip
[2021-10-12 22:44:46,354] {logging_mixin.py:109} INFO - import 106_3_E_A data into pd.DataFrame successfully
[2021-10-12 22:44:46,418] {logging_mixin.py:109} INFO - import 106_3_A_A data into pd.DataFrame successfully
[2021-10-12 22:44:46,542] {logging_mixin.py:109} INFO - import 106_3_F_A data into pd.DataFrame successfully
[2021-10-12 22:44:46,572] {logging_mixin.py:109} INFO - import 106_3_H_B data into pd.DataFrame successfully
[2021-10-12 22:44:46,603] {logging_mixin.py:109} INFO - import 106_3_B_B data into pd.DataFrame successfully
[2021-10-12 22:44:46,603] {logging_mixin.py:109} INFO - 106S3.zip is a zip file, skip
[2021-10-12 22:44:46,698] {logging_mixin.py:109} INFO - import 106_4_E_A data into pd.DataFrame successfully
[2021-10-12 22:44:46,772] {logging_mixin.py:109} INFO - import 106_4_A_A data into pd.DataFrame successfully
[2021-10-12 22:44:46,902] {logging_mixin.py:109} INFO - import 106_4_F_A data into pd.DataFrame successfully
[2021-10-12 22:44:46,934] {logging_mixin.py:109} INFO - import 106_4_H_B data into pd.DataFrame successfully
[2021-10-12 22:44:46,975] {logging_mixin.py:109} INFO - import 106_4_B_B data into pd.DataFrame successfully
[2021-10-12 22:44:46,975] {logging_mixin.py:109} INFO - 106S4.zip is a zip file, skip
[2021-10-12 22:44:47,065] {logging_mixin.py:109} INFO - import 107_1_E_A data into pd.DataFrame successfully
[2021-10-12 22:44:47,148] {logging_mixin.py:109} INFO - import 107_1_A_A data into pd.DataFrame successfully
[2021-10-12 22:44:47,285] {logging_mixin.py:109} INFO - import 107_1_F_A data into pd.DataFrame successfully
[2021-10-12 22:44:47,341] {logging_mixin.py:109} INFO - import 107_1_H_B data into pd.DataFrame successfully
[2021-10-12 22:44:47,390] {logging_mixin.py:109} INFO - import 107_1_B_B data into pd.DataFrame successfully
[2021-10-12 22:44:47,390] {logging_mixin.py:109} INFO - 107S1.zip is a zip file, skip
[2021-10-12 22:44:47,471] {logging_mixin.py:109} INFO - import 107_2_E_A data into pd.DataFrame successfully
[2021-10-12 22:44:47,564] {logging_mixin.py:109} INFO - import 107_2_A_A data into pd.DataFrame successfully
[2021-10-12 22:44:47,685] {logging_mixin.py:109} INFO - import 107_2_F_A data into pd.DataFrame successfully
[2021-10-12 22:44:47,757] {logging_mixin.py:109} INFO - import 107_2_H_B data into pd.DataFrame successfully
[2021-10-12 22:44:47,820] {logging_mixin.py:109} INFO - import 107_2_B_B data into pd.DataFrame successfully
[2021-10-12 22:44:47,820] {logging_mixin.py:109} INFO - 107S2.zip is a zip file, skip
[2021-10-12 22:44:47,940] {logging_mixin.py:109} INFO - import 107_3_E_A data into pd.DataFrame successfully
[2021-10-12 22:44:48,036] {logging_mixin.py:109} INFO - import 107_3_A_A data into pd.DataFrame successfully
[2021-10-12 22:44:48,222] {logging_mixin.py:109} INFO - import 107_3_F_A data into pd.DataFrame successfully
[2021-10-12 22:44:48,281] {logging_mixin.py:109} INFO - import 107_3_H_B data into pd.DataFrame successfully
[2021-10-12 22:44:48,348] {logging_mixin.py:109} INFO - import 107_3_B_B data into pd.DataFrame successfully
[2021-10-12 22:44:48,348] {logging_mixin.py:109} INFO - 107S3.zip is a zip file, skip
[2021-10-12 22:44:48,461] {logging_mixin.py:109} INFO - import 107_4_E_A data into pd.DataFrame successfully
[2021-10-12 22:44:48,573] {logging_mixin.py:109} INFO - import 107_4_A_A data into pd.DataFrame successfully
[2021-10-12 22:44:48,737] {logging_mixin.py:109} INFO - import 107_4_F_A data into pd.DataFrame successfully
[2021-10-12 22:44:48,821] {logging_mixin.py:109} INFO - import 107_4_H_B data into pd.DataFrame successfully
[2021-10-12 22:44:48,887] {logging_mixin.py:109} INFO - import 107_4_B_B data into pd.DataFrame successfully
[2021-10-12 22:44:48,888] {logging_mixin.py:109} INFO - 107S4.zip is a zip file, skip
[2021-10-12 22:44:49,035] {logging_mixin.py:109} INFO - import 108_1_E_A data into pd.DataFrame successfully
[2021-10-12 22:44:49,142] {logging_mixin.py:109} INFO - import 108_1_A_A data into pd.DataFrame successfully
[2021-10-12 22:44:49,300] {logging_mixin.py:109} INFO - import 108_1_F_A data into pd.DataFrame successfully
[2021-10-12 22:44:49,392] {logging_mixin.py:109} INFO - import 108_1_H_B data into pd.DataFrame successfully
[2021-10-12 22:44:49,483] {logging_mixin.py:109} INFO - import 108_1_B_B data into pd.DataFrame successfully
[2021-10-12 22:44:49,484] {logging_mixin.py:109} INFO - 108S1.zip is a zip file, skip
[2021-10-12 22:44:49,672] {logging_mixin.py:109} INFO - import 108_2_E_A data into pd.DataFrame successfully
[2021-10-12 22:44:49,816] {logging_mixin.py:109} INFO - import 108_2_A_A data into pd.DataFrame successfully
[2021-10-12 22:44:50,019] {logging_mixin.py:109} INFO - import 108_2_F_A data into pd.DataFrame successfully
[2021-10-12 22:44:50,122] {logging_mixin.py:109} INFO - import 108_2_H_B data into pd.DataFrame successfully
[2021-10-12 22:44:50,217] {logging_mixin.py:109} INFO - import 108_2_B_B data into pd.DataFrame successfully
[2021-10-12 22:44:50,217] {logging_mixin.py:109} INFO - 108S2.zip is a zip file, skip
[2021-10-12 22:44:50,364] {logging_mixin.py:109} INFO - import 108_3_E_A data into pd.DataFrame successfully
[2021-10-12 22:44:50,510] {logging_mixin.py:109} INFO - import 108_3_A_A data into pd.DataFrame successfully
[2021-10-12 22:44:50,703] {logging_mixin.py:109} INFO - import 108_3_F_A data into pd.DataFrame successfully
[2021-10-12 22:44:50,825] {logging_mixin.py:109} INFO - import 108_3_H_B data into pd.DataFrame successfully
[2021-10-12 22:44:50,939] {logging_mixin.py:109} INFO - import 108_3_B_B data into pd.DataFrame successfully
[2021-10-12 22:44:50,939] {logging_mixin.py:109} INFO - 108S3.zip is a zip file, skip
[2021-10-12 22:44:51,103] {logging_mixin.py:109} INFO - import 108_4_E_A data into pd.DataFrame successfully
[2021-10-12 22:44:51,266] {logging_mixin.py:109} INFO - import 108_4_A_A data into pd.DataFrame successfully
[2021-10-12 22:44:51,458] {logging_mixin.py:109} INFO - import 108_4_F_A data into pd.DataFrame successfully
[2021-10-12 22:44:51,582] {logging_mixin.py:109} INFO - import 108_4_H_B data into pd.DataFrame successfully
[2021-10-12 22:44:51,699] {logging_mixin.py:109} INFO - import 108_4_B_B data into pd.DataFrame successfully
[2021-10-12 22:44:51,699] {logging_mixin.py:109} INFO - 108S4.zip is a zip file, skip
[2021-10-12 22:44:51,869] {logging_mixin.py:109} INFO - import 109_1_E_A data into pd.DataFrame successfully
[2021-10-12 22:44:52,031] {logging_mixin.py:109} INFO - import 109_1_A_A data into pd.DataFrame successfully
[2021-10-12 22:44:52,231] {logging_mixin.py:109} INFO - import 109_1_F_A data into pd.DataFrame successfully
[2021-10-12 22:44:52,353] {logging_mixin.py:109} INFO - import 109_1_H_B data into pd.DataFrame successfully
[2021-10-12 22:44:52,475] {logging_mixin.py:109} INFO - import 109_1_B_B data into pd.DataFrame successfully
[2021-10-12 22:44:52,475] {logging_mixin.py:109} INFO - 109S1.zip is a zip file, skip
[2021-10-12 22:44:52,641] {logging_mixin.py:109} INFO - import 109_2_E_A data into pd.DataFrame successfully
[2021-10-12 22:44:52,803] {logging_mixin.py:109} INFO - import 109_2_A_A data into pd.DataFrame successfully
[2021-10-12 22:44:53,057] {logging_mixin.py:109} INFO - import 109_2_F_A data into pd.DataFrame successfully
[2021-10-12 22:44:53,191] {logging_mixin.py:109} INFO - import 109_2_H_B data into pd.DataFrame successfully
[2021-10-12 22:44:53,333] {logging_mixin.py:109} INFO - import 109_2_B_B data into pd.DataFrame successfully
[2021-10-12 22:44:53,333] {logging_mixin.py:109} INFO - 109S2.zip is a zip file, skip
[2021-10-12 22:44:53,615] {logging_mixin.py:109} INFO - import 109_3_E_A data into pd.DataFrame successfully
[2021-10-12 22:44:53,893] {logging_mixin.py:109} INFO - import 109_3_A_A data into pd.DataFrame successfully
[2021-10-12 22:44:54,138] {logging_mixin.py:109} WARNING - /home/swc/job_hunt/cbkpi/venv/lib/python3.8/site-packages/airflow/operators/python.py:161 DtypeWarning: Columns (3,7,14,15,16,17,18,21,22,24,25) have mixed types.Specify dtype option on import or set low_memory=False.
[2021-10-12 22:44:54,442] {logging_mixin.py:109} INFO - import 109_3_F_A data into pd.DataFrame successfully
[2021-10-12 22:44:54,630] {logging_mixin.py:109} INFO - import 109_3_H_B data into pd.DataFrame successfully
[2021-10-12 22:44:54,824] {logging_mixin.py:109} INFO - import 109_3_B_B data into pd.DataFrame successfully
[2021-10-12 22:44:54,825] {logging_mixin.py:109} INFO - 109S3.zip is a zip file, skip
[2021-10-12 22:44:55,094] {logging_mixin.py:109} INFO - import 109_4_E_A data into pd.DataFrame successfully
[2021-10-12 22:44:55,324] {logging_mixin.py:109} INFO - import 109_4_A_A data into pd.DataFrame successfully
[2021-10-12 22:44:55,675] {logging_mixin.py:109} INFO - import 109_4_F_A data into pd.DataFrame successfully
[2021-10-12 22:44:55,716] {process_utils.py:100} INFO - Sending Signals.SIGTERM to GPID 213184
[2021-10-12 22:44:55,786] {taskinstance.py:1236} ERROR - Received SIGTERM. Terminating subprocesses.
[2021-10-12 22:44:55,835] {taskinstance.py:1463} ERROR - Task failed with exception
Traceback (most recent call last):
  File "/home/swc/job_hunt/cbkpi/venv/lib/python3.8/site-packages/airflow/models/taskinstance.py", line 1165, in _run_raw_task
    self._prepare_and_execute_task_with_callbacks(context, task)
  File "/home/swc/job_hunt/cbkpi/venv/lib/python3.8/site-packages/airflow/models/taskinstance.py", line 1283, in _prepare_and_execute_task_with_callbacks
    result = self._execute_task(context, task_copy)
  File "/home/swc/job_hunt/cbkpi/venv/lib/python3.8/site-packages/airflow/models/taskinstance.py", line 1313, in _execute_task
    result = task_copy.execute(context=context)
  File "/home/swc/job_hunt/cbkpi/venv/lib/python3.8/site-packages/airflow/operators/python.py", line 150, in execute
    return_value = self.execute_callable()
  File "/home/swc/job_hunt/cbkpi/venv/lib/python3.8/site-packages/airflow/operators/python.py", line 161, in execute_callable
    return self.python_callable(*self.op_args, **self.op_kwargs)
  File "/home/swc/job_hunt/cbkpi/app/airflow_root/dags/data_reader.py", line 34, in data_reader
    result = result.append(data)
  File "/home/swc/job_hunt/cbkpi/venv/lib/python3.8/site-packages/pandas/core/frame.py", line 8966, in append
    concat(
  File "/home/swc/job_hunt/cbkpi/venv/lib/python3.8/site-packages/pandas/util/_decorators.py", line 311, in wrapper
    return func(*args, **kwargs)
  File "/home/swc/job_hunt/cbkpi/venv/lib/python3.8/site-packages/pandas/core/reshape/concat.py", line 307, in concat
    return op.get_result()
  File "/home/swc/job_hunt/cbkpi/venv/lib/python3.8/site-packages/pandas/core/reshape/concat.py", line 532, in get_result
    new_data = concatenate_managers(
  File "/home/swc/job_hunt/cbkpi/venv/lib/python3.8/site-packages/pandas/core/internals/concat.py", line 216, in concatenate_managers
    values = np.concatenate(vals, axis=blk.ndim - 1)
  File "<__array_function__ internals>", line 5, in concatenate
  File "/home/swc/job_hunt/cbkpi/venv/lib/python3.8/site-packages/airflow/models/taskinstance.py", line 1238, in signal_handler
    raise AirflowException("Task received SIGTERM signal")
airflow.exceptions.AirflowException: Task received SIGTERM signal
[2021-10-12 22:44:55,848] {taskinstance.py:1506} INFO - Marking task as UP_FOR_RETRY. dag_id=estate_pipeline, task_id=data_reader, execution_date=20211010T000200, start_date=20211012T144445, end_date=20211012T144455
[2021-10-12 22:44:55,894] {process_utils.py:66} INFO - Process psutil.Process(pid=213184, status='terminated', exitcode=1, started='22:44:45') (213184) terminated with exit code 1
