[2021-10-12 22:47:13,837] {taskinstance.py:903} INFO - Dependencies all met for <TaskInstance: estate_pipeline.data_reader 2021-10-11T00:02:00+00:00 [queued]>
[2021-10-12 22:47:13,844] {taskinstance.py:903} INFO - Dependencies all met for <TaskInstance: estate_pipeline.data_reader 2021-10-11T00:02:00+00:00 [queued]>
[2021-10-12 22:47:13,844] {taskinstance.py:1095} INFO - 
--------------------------------------------------------------------------------
[2021-10-12 22:47:13,844] {taskinstance.py:1096} INFO - Starting attempt 1 of 3
[2021-10-12 22:47:13,844] {taskinstance.py:1097} INFO - 
--------------------------------------------------------------------------------
[2021-10-12 22:47:13,851] {taskinstance.py:1115} INFO - Executing <Task(PythonOperator): data_reader> on 2021-10-11T00:02:00+00:00
[2021-10-12 22:47:13,855] {standard_task_runner.py:52} INFO - Started process 213557 to run task
[2021-10-12 22:47:13,859] {standard_task_runner.py:76} INFO - Running: ['airflow', 'tasks', 'run', 'estate_pipeline', 'data_reader', '2021-10-11T00:02:00+00:00', '--job-id', '23', '--pool', 'default_pool', '--raw', '--subdir', 'DAGS_FOLDER/main_dag.py', '--cfg-path', '/tmp/tmpmtmgam7p', '--error-file', '/tmp/tmpa2pjh48k']
[2021-10-12 22:47:13,859] {standard_task_runner.py:77} INFO - Job 23: Subtask data_reader
[2021-10-12 22:47:13,882] {logging_mixin.py:109} INFO - Running <TaskInstance: estate_pipeline.data_reader 2021-10-11T00:02:00+00:00 [running]> on host ubuntu
[2021-10-12 22:47:13,918] {taskinstance.py:1252} INFO - Exporting the following env vars:
AIRFLOW_CTX_DAG_EMAIL=swchen1282@gmail.com
AIRFLOW_CTX_DAG_OWNER=swc
AIRFLOW_CTX_DAG_ID=estate_pipeline
AIRFLOW_CTX_TASK_ID=data_reader
AIRFLOW_CTX_EXECUTION_DATE=2021-10-11T00:02:00+00:00
AIRFLOW_CTX_DAG_RUN_ID=scheduled__2021-10-11T00:02:00+00:00
[2021-10-12 22:47:13,919] {logging_mixin.py:109} INFO - absolute_path=/home/swc/job_hunt/cbkpi/app/airflow_root/dags
[2021-10-12 22:47:13,919] {logging_mixin.py:109} INFO - data_source_path=/home/swc/job_hunt/cbkpi/app
[2021-10-12 22:47:13,919] {logging_mixin.py:109} INFO - ['106S1', '106S1.zip', '106S2', '106S2.zip', '106S3', '106S3.zip', '106S4', '106S4.zip', '107S1', '107S1.zip', '107S2', '107S2.zip', '107S3', '107S3.zip', '107S4', '107S4.zip', '108S1', '108S1.zip', '108S2', '108S2.zip', '108S3', '108S3.zip', '108S4', '108S4.zip', '109S1', '109S1.zip', '109S2', '109S2.zip', '109S3', '109S3.zip', '109S4', '109S4.zip']
[2021-10-12 22:47:13,919] {logging_mixin.py:109} INFO - current path is: /home/swc/job_hunt/cbkpi/app/data_source; start data processing
[2021-10-12 22:47:13,988] {logging_mixin.py:109} INFO - import 106_1_E_A data into pd.DataFrame successfully
[2021-10-12 22:47:14,036] {logging_mixin.py:109} INFO - import 106_1_A_A data into pd.DataFrame successfully
[2021-10-12 22:47:14,158] {logging_mixin.py:109} INFO - import 106_1_F_A data into pd.DataFrame successfully
[2021-10-12 22:47:14,177] {logging_mixin.py:109} INFO - import 106_1_H_B data into pd.DataFrame successfully
[2021-10-12 22:47:14,192] {logging_mixin.py:109} INFO - import 106_1_B_B data into pd.DataFrame successfully
[2021-10-12 22:47:14,192] {logging_mixin.py:109} INFO - 106S1.zip is a zip file, skip
[2021-10-12 22:47:14,268] {logging_mixin.py:109} INFO - import 106_2_E_A data into pd.DataFrame successfully
[2021-10-12 22:47:14,320] {logging_mixin.py:109} INFO - import 106_2_A_A data into pd.DataFrame successfully
[2021-10-12 22:47:14,426] {logging_mixin.py:109} INFO - import 106_2_F_A data into pd.DataFrame successfully
[2021-10-12 22:47:14,450] {logging_mixin.py:109} INFO - import 106_2_H_B data into pd.DataFrame successfully
[2021-10-12 22:47:14,450] {logging_mixin.py:109} INFO - 106S2.zip is a zip file, skip
[2021-10-12 22:47:14,526] {logging_mixin.py:109} INFO - import 106_3_E_A data into pd.DataFrame successfully
[2021-10-12 22:47:14,592] {logging_mixin.py:109} INFO - import 106_3_A_A data into pd.DataFrame successfully
[2021-10-12 22:47:14,723] {logging_mixin.py:109} INFO - import 106_3_F_A data into pd.DataFrame successfully
[2021-10-12 22:47:14,762] {logging_mixin.py:109} INFO - import 106_3_H_B data into pd.DataFrame successfully
[2021-10-12 22:47:14,797] {logging_mixin.py:109} INFO - import 106_3_B_B data into pd.DataFrame successfully
[2021-10-12 22:47:14,797] {logging_mixin.py:109} INFO - 106S3.zip is a zip file, skip
[2021-10-12 22:47:14,882] {logging_mixin.py:109} INFO - import 106_4_E_A data into pd.DataFrame successfully
[2021-10-12 22:47:14,948] {logging_mixin.py:109} INFO - import 106_4_A_A data into pd.DataFrame successfully
[2021-10-12 22:47:15,137] {logging_mixin.py:109} INFO - import 106_4_F_A data into pd.DataFrame successfully
[2021-10-12 22:47:15,179] {logging_mixin.py:109} INFO - import 106_4_H_B data into pd.DataFrame successfully
[2021-10-12 22:47:15,227] {logging_mixin.py:109} INFO - import 106_4_B_B data into pd.DataFrame successfully
[2021-10-12 22:47:15,228] {logging_mixin.py:109} INFO - 106S4.zip is a zip file, skip
[2021-10-12 22:47:15,332] {logging_mixin.py:109} INFO - import 107_1_E_A data into pd.DataFrame successfully
[2021-10-12 22:47:15,429] {logging_mixin.py:109} INFO - import 107_1_A_A data into pd.DataFrame successfully
[2021-10-12 22:47:15,766] {logging_mixin.py:109} INFO - import 107_1_F_A data into pd.DataFrame successfully
[2021-10-12 22:47:15,921] {logging_mixin.py:109} INFO - import 107_1_H_B data into pd.DataFrame successfully
[2021-10-12 22:47:16,056] {logging_mixin.py:109} INFO - import 107_1_B_B data into pd.DataFrame successfully
[2021-10-12 22:47:16,056] {logging_mixin.py:109} INFO - 107S1.zip is a zip file, skip
[2021-10-12 22:47:16,193] {logging_mixin.py:109} INFO - import 107_2_E_A data into pd.DataFrame successfully
[2021-10-12 22:47:16,303] {logging_mixin.py:109} INFO - import 107_2_A_A data into pd.DataFrame successfully
[2021-10-12 22:47:16,467] {logging_mixin.py:109} INFO - import 107_2_F_A data into pd.DataFrame successfully
[2021-10-12 22:47:16,542] {logging_mixin.py:109} INFO - import 107_2_H_B data into pd.DataFrame successfully
[2021-10-12 22:47:16,609] {logging_mixin.py:109} INFO - import 107_2_B_B data into pd.DataFrame successfully
[2021-10-12 22:47:16,610] {logging_mixin.py:109} INFO - 107S2.zip is a zip file, skip
[2021-10-12 22:47:16,732] {logging_mixin.py:109} INFO - import 107_3_E_A data into pd.DataFrame successfully
[2021-10-12 22:47:16,834] {logging_mixin.py:109} INFO - import 107_3_A_A data into pd.DataFrame successfully
[2021-10-12 22:47:16,992] {logging_mixin.py:109} INFO - import 107_3_F_A data into pd.DataFrame successfully
[2021-10-12 22:47:17,065] {logging_mixin.py:109} INFO - import 107_3_H_B data into pd.DataFrame successfully
[2021-10-12 22:47:17,138] {logging_mixin.py:109} INFO - import 107_3_B_B data into pd.DataFrame successfully
[2021-10-12 22:47:17,139] {logging_mixin.py:109} INFO - 107S3.zip is a zip file, skip
[2021-10-12 22:47:17,259] {logging_mixin.py:109} INFO - import 107_4_E_A data into pd.DataFrame successfully
[2021-10-12 22:47:17,358] {logging_mixin.py:109} INFO - import 107_4_A_A data into pd.DataFrame successfully
[2021-10-12 22:47:17,517] {logging_mixin.py:109} INFO - import 107_4_F_A data into pd.DataFrame successfully
[2021-10-12 22:47:17,588] {logging_mixin.py:109} INFO - import 107_4_H_B data into pd.DataFrame successfully
[2021-10-12 22:47:17,668] {logging_mixin.py:109} INFO - import 107_4_B_B data into pd.DataFrame successfully
[2021-10-12 22:47:17,669] {logging_mixin.py:109} INFO - 107S4.zip is a zip file, skip
[2021-10-12 22:47:17,787] {logging_mixin.py:109} INFO - import 108_1_E_A data into pd.DataFrame successfully
[2021-10-12 22:47:17,898] {logging_mixin.py:109} INFO - import 108_1_A_A data into pd.DataFrame successfully
[2021-10-12 22:47:18,058] {logging_mixin.py:109} INFO - import 108_1_F_A data into pd.DataFrame successfully
[2021-10-12 22:47:18,142] {logging_mixin.py:109} INFO - import 108_1_H_B data into pd.DataFrame successfully
[2021-10-12 22:47:18,233] {logging_mixin.py:109} INFO - import 108_1_B_B data into pd.DataFrame successfully
[2021-10-12 22:47:18,234] {logging_mixin.py:109} INFO - 108S1.zip is a zip file, skip
[2021-10-12 22:47:18,381] {logging_mixin.py:109} INFO - import 108_2_E_A data into pd.DataFrame successfully
[2021-10-12 22:47:18,515] {logging_mixin.py:109} INFO - import 108_2_A_A data into pd.DataFrame successfully
[2021-10-12 22:47:18,714] {logging_mixin.py:109} INFO - import 108_2_F_A data into pd.DataFrame successfully
[2021-10-12 22:47:18,851] {logging_mixin.py:109} INFO - import 108_2_H_B data into pd.DataFrame successfully
[2021-10-12 22:47:19,006] {logging_mixin.py:109} INFO - import 108_2_B_B data into pd.DataFrame successfully
[2021-10-12 22:47:19,006] {logging_mixin.py:109} INFO - 108S2.zip is a zip file, skip
[2021-10-12 22:47:19,214] {logging_mixin.py:109} INFO - import 108_3_E_A data into pd.DataFrame successfully
[2021-10-12 22:47:19,390] {logging_mixin.py:109} INFO - import 108_3_A_A data into pd.DataFrame successfully
[2021-10-12 22:47:19,634] {logging_mixin.py:109} INFO - import 108_3_F_A data into pd.DataFrame successfully
[2021-10-12 22:47:19,750] {logging_mixin.py:109} INFO - import 108_3_H_B data into pd.DataFrame successfully
[2021-10-12 22:47:19,858] {logging_mixin.py:109} INFO - import 108_3_B_B data into pd.DataFrame successfully
[2021-10-12 22:47:19,858] {logging_mixin.py:109} INFO - 108S3.zip is a zip file, skip
[2021-10-12 22:47:20,025] {logging_mixin.py:109} INFO - import 108_4_E_A data into pd.DataFrame successfully
[2021-10-12 22:47:20,162] {logging_mixin.py:109} INFO - import 108_4_A_A data into pd.DataFrame successfully
[2021-10-12 22:47:20,358] {logging_mixin.py:109} INFO - import 108_4_F_A data into pd.DataFrame successfully
[2021-10-12 22:47:20,472] {logging_mixin.py:109} INFO - import 108_4_H_B data into pd.DataFrame successfully
[2021-10-12 22:47:20,588] {logging_mixin.py:109} INFO - import 108_4_B_B data into pd.DataFrame successfully
[2021-10-12 22:47:20,589] {logging_mixin.py:109} INFO - 108S4.zip is a zip file, skip
[2021-10-12 22:47:20,745] {logging_mixin.py:109} INFO - import 109_1_E_A data into pd.DataFrame successfully
[2021-10-12 22:47:20,886] {logging_mixin.py:109} INFO - import 109_1_A_A data into pd.DataFrame successfully
[2021-10-12 22:47:21,147] {logging_mixin.py:109} INFO - import 109_1_F_A data into pd.DataFrame successfully
[2021-10-12 22:47:21,264] {logging_mixin.py:109} INFO - import 109_1_H_B data into pd.DataFrame successfully
[2021-10-12 22:47:21,397] {logging_mixin.py:109} INFO - import 109_1_B_B data into pd.DataFrame successfully
[2021-10-12 22:47:21,398] {logging_mixin.py:109} INFO - 109S1.zip is a zip file, skip
[2021-10-12 22:47:21,584] {logging_mixin.py:109} INFO - import 109_2_E_A data into pd.DataFrame successfully
[2021-10-12 22:47:21,820] {logging_mixin.py:109} INFO - import 109_2_A_A data into pd.DataFrame successfully
[2021-10-12 22:47:22,044] {logging_mixin.py:109} INFO - import 109_2_F_A data into pd.DataFrame successfully
[2021-10-12 22:47:22,205] {logging_mixin.py:109} INFO - import 109_2_H_B data into pd.DataFrame successfully
[2021-10-12 22:47:22,387] {logging_mixin.py:109} INFO - import 109_2_B_B data into pd.DataFrame successfully
[2021-10-12 22:47:22,387] {logging_mixin.py:109} INFO - 109S2.zip is a zip file, skip
[2021-10-12 22:47:22,709] {logging_mixin.py:109} INFO - import 109_3_E_A data into pd.DataFrame successfully
[2021-10-12 22:47:22,939] {logging_mixin.py:109} INFO - import 109_3_A_A data into pd.DataFrame successfully
[2021-10-12 22:47:23,072] {logging_mixin.py:109} WARNING - /home/swc/job_hunt/cbkpi/venv/lib/python3.8/site-packages/airflow/operators/python.py:161 DtypeWarning: Columns (3,7,14,15,16,17,18,21,22,24,25) have mixed types.Specify dtype option on import or set low_memory=False.
[2021-10-12 22:47:23,254] {logging_mixin.py:109} INFO - import 109_3_F_A data into pd.DataFrame successfully
[2021-10-12 22:47:23,444] {logging_mixin.py:109} INFO - import 109_3_H_B data into pd.DataFrame successfully
[2021-10-12 22:47:23,610] {logging_mixin.py:109} INFO - import 109_3_B_B data into pd.DataFrame successfully
[2021-10-12 22:47:23,610] {logging_mixin.py:109} INFO - 109S3.zip is a zip file, skip
[2021-10-12 22:47:23,856] {logging_mixin.py:109} INFO - import 109_4_E_A data into pd.DataFrame successfully
[2021-10-12 22:47:24,081] {logging_mixin.py:109} INFO - import 109_4_A_A data into pd.DataFrame successfully
[2021-10-12 22:47:24,414] {logging_mixin.py:109} INFO - import 109_4_F_A data into pd.DataFrame successfully
[2021-10-12 22:47:24,602] {logging_mixin.py:109} INFO - import 109_4_H_B data into pd.DataFrame successfully
[2021-10-12 22:47:24,788] {logging_mixin.py:109} INFO - import 109_4_B_B data into pd.DataFrame successfully
[2021-10-12 22:47:24,788] {logging_mixin.py:109} INFO - 109S4.zip is a zip file, skip
[2021-10-12 22:47:28,993] {python.py:151} INFO - Done. Returned value was: successfully
[2021-10-12 22:47:29,003] {taskinstance.py:1212} INFO - Marking task as SUCCESS. dag_id=estate_pipeline, task_id=data_reader, execution_date=20211011T000200, start_date=20211012T144713, end_date=20211012T144729
[2021-10-12 22:47:29,035] {local_task_job.py:151} INFO - Task exited with return code 0
[2021-10-12 22:47:29,052] {local_task_job.py:261} INFO - 1 downstream tasks scheduled from follow-on schedule check
