[2021-10-12 22:47:37,841] {taskinstance.py:903} INFO - Dependencies all met for <TaskInstance: estate_pipeline.data_reader 2021-10-11T12:02:00+00:00 [queued]>
[2021-10-12 22:47:37,848] {taskinstance.py:903} INFO - Dependencies all met for <TaskInstance: estate_pipeline.data_reader 2021-10-11T12:02:00+00:00 [queued]>
[2021-10-12 22:47:37,848] {taskinstance.py:1095} INFO - 
--------------------------------------------------------------------------------
[2021-10-12 22:47:37,848] {taskinstance.py:1096} INFO - Starting attempt 1 of 3
[2021-10-12 22:47:37,848] {taskinstance.py:1097} INFO - 
--------------------------------------------------------------------------------
[2021-10-12 22:47:37,855] {taskinstance.py:1115} INFO - Executing <Task(PythonOperator): data_reader> on 2021-10-11T12:02:00+00:00
[2021-10-12 22:47:37,858] {standard_task_runner.py:52} INFO - Started process 213640 to run task
[2021-10-12 22:47:37,861] {standard_task_runner.py:76} INFO - Running: ['airflow', 'tasks', 'run', 'estate_pipeline', 'data_reader', '2021-10-11T12:02:00+00:00', '--job-id', '25', '--pool', 'default_pool', '--raw', '--subdir', 'DAGS_FOLDER/main_dag.py', '--cfg-path', '/tmp/tmpmmkbe6v5', '--error-file', '/tmp/tmpu6z6kyq7']
[2021-10-12 22:47:37,862] {standard_task_runner.py:77} INFO - Job 25: Subtask data_reader
[2021-10-12 22:47:37,885] {logging_mixin.py:109} INFO - Running <TaskInstance: estate_pipeline.data_reader 2021-10-11T12:02:00+00:00 [running]> on host ubuntu
[2021-10-12 22:47:37,912] {taskinstance.py:1252} INFO - Exporting the following env vars:
AIRFLOW_CTX_DAG_EMAIL=swchen1282@gmail.com
AIRFLOW_CTX_DAG_OWNER=swc
AIRFLOW_CTX_DAG_ID=estate_pipeline
AIRFLOW_CTX_TASK_ID=data_reader
AIRFLOW_CTX_EXECUTION_DATE=2021-10-11T12:02:00+00:00
AIRFLOW_CTX_DAG_RUN_ID=scheduled__2021-10-11T12:02:00+00:00
[2021-10-12 22:47:37,913] {logging_mixin.py:109} INFO - absolute_path=/home/swc/job_hunt/cbkpi/app/airflow_root/dags
[2021-10-12 22:47:37,913] {logging_mixin.py:109} INFO - data_source_path=/home/swc/job_hunt/cbkpi/app
[2021-10-12 22:47:37,913] {logging_mixin.py:109} INFO - ['106S1', '106S1.zip', '106S2', '106S2.zip', '106S3', '106S3.zip', '106S4', '106S4.zip', '107S1', '107S1.zip', '107S2', '107S2.zip', '107S3', '107S3.zip', '107S4', '107S4.zip', '108S1', '108S1.zip', '108S2', '108S2.zip', '108S3', '108S3.zip', '108S4', '108S4.zip', '109S1', '109S1.zip', '109S2', '109S2.zip', '109S3', '109S3.zip', '109S4', '109S4.zip']
[2021-10-12 22:47:37,913] {logging_mixin.py:109} INFO - current path is: /home/swc/job_hunt/cbkpi/app/data_source; start data processing
[2021-10-12 22:47:37,986] {logging_mixin.py:109} INFO - import 106_1_E_A data into pd.DataFrame successfully
[2021-10-12 22:47:38,034] {logging_mixin.py:109} INFO - import 106_1_A_A data into pd.DataFrame successfully
[2021-10-12 22:47:38,182] {logging_mixin.py:109} INFO - import 106_1_F_A data into pd.DataFrame successfully
[2021-10-12 22:47:38,201] {logging_mixin.py:109} INFO - import 106_1_H_B data into pd.DataFrame successfully
[2021-10-12 22:47:38,218] {logging_mixin.py:109} INFO - import 106_1_B_B data into pd.DataFrame successfully
[2021-10-12 22:47:38,218] {logging_mixin.py:109} INFO - 106S1.zip is a zip file, skip
[2021-10-12 22:47:38,321] {logging_mixin.py:109} INFO - import 106_2_E_A data into pd.DataFrame successfully
[2021-10-12 22:47:38,374] {logging_mixin.py:109} INFO - import 106_2_A_A data into pd.DataFrame successfully
[2021-10-12 22:47:38,478] {logging_mixin.py:109} INFO - import 106_2_F_A data into pd.DataFrame successfully
[2021-10-12 22:47:38,508] {logging_mixin.py:109} INFO - import 106_2_H_B data into pd.DataFrame successfully
[2021-10-12 22:47:38,508] {logging_mixin.py:109} INFO - 106S2.zip is a zip file, skip
[2021-10-12 22:47:38,599] {logging_mixin.py:109} INFO - import 106_3_E_A data into pd.DataFrame successfully
[2021-10-12 22:47:38,660] {logging_mixin.py:109} INFO - import 106_3_A_A data into pd.DataFrame successfully
[2021-10-12 22:47:38,795] {logging_mixin.py:109} INFO - import 106_3_F_A data into pd.DataFrame successfully
[2021-10-12 22:47:38,827] {logging_mixin.py:109} INFO - import 106_3_H_B data into pd.DataFrame successfully
[2021-10-12 22:47:38,853] {logging_mixin.py:109} INFO - import 106_3_B_B data into pd.DataFrame successfully
[2021-10-12 22:47:38,853] {logging_mixin.py:109} INFO - 106S3.zip is a zip file, skip
[2021-10-12 22:47:38,929] {logging_mixin.py:109} INFO - import 106_4_E_A data into pd.DataFrame successfully
[2021-10-12 22:47:38,993] {logging_mixin.py:109} INFO - import 106_4_A_A data into pd.DataFrame successfully
[2021-10-12 22:47:39,133] {logging_mixin.py:109} INFO - import 106_4_F_A data into pd.DataFrame successfully
[2021-10-12 22:47:39,169] {logging_mixin.py:109} INFO - import 106_4_H_B data into pd.DataFrame successfully
[2021-10-12 22:47:39,206] {logging_mixin.py:109} INFO - import 106_4_B_B data into pd.DataFrame successfully
[2021-10-12 22:47:39,206] {logging_mixin.py:109} INFO - 106S4.zip is a zip file, skip
[2021-10-12 22:47:39,318] {logging_mixin.py:109} INFO - import 107_1_E_A data into pd.DataFrame successfully
[2021-10-12 22:47:39,396] {logging_mixin.py:109} INFO - import 107_1_A_A data into pd.DataFrame successfully
[2021-10-12 22:47:39,557] {logging_mixin.py:109} INFO - import 107_1_F_A data into pd.DataFrame successfully
[2021-10-12 22:47:39,612] {logging_mixin.py:109} INFO - import 107_1_H_B data into pd.DataFrame successfully
[2021-10-12 22:47:39,664] {logging_mixin.py:109} INFO - import 107_1_B_B data into pd.DataFrame successfully
[2021-10-12 22:47:39,664] {logging_mixin.py:109} INFO - 107S1.zip is a zip file, skip
[2021-10-12 22:47:39,763] {logging_mixin.py:109} INFO - import 107_2_E_A data into pd.DataFrame successfully
[2021-10-12 22:47:39,870] {logging_mixin.py:109} INFO - import 107_2_A_A data into pd.DataFrame successfully
[2021-10-12 22:47:40,021] {logging_mixin.py:109} INFO - import 107_2_F_A data into pd.DataFrame successfully
[2021-10-12 22:47:40,095] {logging_mixin.py:109} INFO - import 107_2_H_B data into pd.DataFrame successfully
[2021-10-12 22:47:40,158] {logging_mixin.py:109} INFO - import 107_2_B_B data into pd.DataFrame successfully
[2021-10-12 22:47:40,159] {logging_mixin.py:109} INFO - 107S2.zip is a zip file, skip
[2021-10-12 22:47:40,286] {logging_mixin.py:109} INFO - import 107_3_E_A data into pd.DataFrame successfully
[2021-10-12 22:47:40,378] {logging_mixin.py:109} INFO - import 107_3_A_A data into pd.DataFrame successfully
[2021-10-12 22:47:40,543] {logging_mixin.py:109} INFO - import 107_3_F_A data into pd.DataFrame successfully
[2021-10-12 22:47:40,618] {logging_mixin.py:109} INFO - import 107_3_H_B data into pd.DataFrame successfully
[2021-10-12 22:47:40,687] {logging_mixin.py:109} INFO - import 107_3_B_B data into pd.DataFrame successfully
[2021-10-12 22:47:40,687] {logging_mixin.py:109} INFO - 107S3.zip is a zip file, skip
[2021-10-12 22:47:40,832] {logging_mixin.py:109} INFO - import 107_4_E_A data into pd.DataFrame successfully
[2021-10-12 22:47:40,949] {logging_mixin.py:109} INFO - import 107_4_A_A data into pd.DataFrame successfully
[2021-10-12 22:47:41,137] {logging_mixin.py:109} INFO - import 107_4_F_A data into pd.DataFrame successfully
[2021-10-12 22:47:41,212] {logging_mixin.py:109} INFO - import 107_4_H_B data into pd.DataFrame successfully
[2021-10-12 22:47:41,291] {logging_mixin.py:109} INFO - import 107_4_B_B data into pd.DataFrame successfully
[2021-10-12 22:47:41,291] {logging_mixin.py:109} INFO - 107S4.zip is a zip file, skip
[2021-10-12 22:47:41,434] {logging_mixin.py:109} INFO - import 108_1_E_A data into pd.DataFrame successfully
[2021-10-12 22:47:41,564] {logging_mixin.py:109} INFO - import 108_1_A_A data into pd.DataFrame successfully
[2021-10-12 22:47:41,746] {logging_mixin.py:109} INFO - import 108_1_F_A data into pd.DataFrame successfully
[2021-10-12 22:47:41,854] {logging_mixin.py:109} INFO - import 108_1_H_B data into pd.DataFrame successfully
[2021-10-12 22:47:41,965] {logging_mixin.py:109} INFO - import 108_1_B_B data into pd.DataFrame successfully
[2021-10-12 22:47:41,966] {logging_mixin.py:109} INFO - 108S1.zip is a zip file, skip
[2021-10-12 22:47:42,150] {logging_mixin.py:109} INFO - import 108_2_E_A data into pd.DataFrame successfully
[2021-10-12 22:47:42,286] {logging_mixin.py:109} INFO - import 108_2_A_A data into pd.DataFrame successfully
[2021-10-12 22:47:42,487] {logging_mixin.py:109} INFO - import 108_2_F_A data into pd.DataFrame successfully
[2021-10-12 22:47:42,587] {logging_mixin.py:109} INFO - import 108_2_H_B data into pd.DataFrame successfully
[2021-10-12 22:47:42,689] {logging_mixin.py:109} INFO - import 108_2_B_B data into pd.DataFrame successfully
[2021-10-12 22:47:42,689] {logging_mixin.py:109} INFO - 108S2.zip is a zip file, skip
[2021-10-12 22:47:42,878] {logging_mixin.py:109} INFO - import 108_3_E_A data into pd.DataFrame successfully
[2021-10-12 22:47:43,047] {logging_mixin.py:109} INFO - import 108_3_A_A data into pd.DataFrame successfully
[2021-10-12 22:47:43,284] {logging_mixin.py:109} INFO - import 108_3_F_A data into pd.DataFrame successfully
[2021-10-12 22:47:43,401] {logging_mixin.py:109} INFO - import 108_3_H_B data into pd.DataFrame successfully
[2021-10-12 22:47:43,511] {logging_mixin.py:109} INFO - import 108_3_B_B data into pd.DataFrame successfully
[2021-10-12 22:47:43,511] {logging_mixin.py:109} INFO - 108S3.zip is a zip file, skip
[2021-10-12 22:47:43,682] {logging_mixin.py:109} INFO - import 108_4_E_A data into pd.DataFrame successfully
[2021-10-12 22:47:43,835] {logging_mixin.py:109} INFO - import 108_4_A_A data into pd.DataFrame successfully
[2021-10-12 22:47:44,067] {logging_mixin.py:109} INFO - import 108_4_F_A data into pd.DataFrame successfully
[2021-10-12 22:47:44,184] {logging_mixin.py:109} INFO - import 108_4_H_B data into pd.DataFrame successfully
[2021-10-12 22:47:44,299] {logging_mixin.py:109} INFO - import 108_4_B_B data into pd.DataFrame successfully
[2021-10-12 22:47:44,299] {logging_mixin.py:109} INFO - 108S4.zip is a zip file, skip
[2021-10-12 22:47:44,453] {logging_mixin.py:109} INFO - import 109_1_E_A data into pd.DataFrame successfully
[2021-10-12 22:47:44,621] {logging_mixin.py:109} INFO - import 109_1_A_A data into pd.DataFrame successfully
[2021-10-12 22:47:44,858] {logging_mixin.py:109} INFO - import 109_1_F_A data into pd.DataFrame successfully
[2021-10-12 22:47:44,988] {logging_mixin.py:109} INFO - import 109_1_H_B data into pd.DataFrame successfully
[2021-10-12 22:47:45,108] {logging_mixin.py:109} INFO - import 109_1_B_B data into pd.DataFrame successfully
[2021-10-12 22:47:45,109] {logging_mixin.py:109} INFO - 109S1.zip is a zip file, skip
[2021-10-12 22:47:45,301] {logging_mixin.py:109} INFO - import 109_2_E_A data into pd.DataFrame successfully
[2021-10-12 22:47:45,453] {logging_mixin.py:109} INFO - import 109_2_A_A data into pd.DataFrame successfully
[2021-10-12 22:47:45,684] {logging_mixin.py:109} INFO - import 109_2_F_A data into pd.DataFrame successfully
[2021-10-12 22:47:45,819] {logging_mixin.py:109} INFO - import 109_2_H_B data into pd.DataFrame successfully
[2021-10-12 22:47:45,956] {logging_mixin.py:109} INFO - import 109_2_B_B data into pd.DataFrame successfully
[2021-10-12 22:47:45,956] {logging_mixin.py:109} INFO - 109S2.zip is a zip file, skip
[2021-10-12 22:47:46,245] {logging_mixin.py:109} INFO - import 109_3_E_A data into pd.DataFrame successfully
[2021-10-12 22:47:46,501] {logging_mixin.py:109} INFO - import 109_3_A_A data into pd.DataFrame successfully
[2021-10-12 22:47:46,617] {logging_mixin.py:109} WARNING - /home/swc/job_hunt/cbkpi/venv/lib/python3.8/site-packages/airflow/operators/python.py:161 DtypeWarning: Columns (3,7,14,15,16,17,18,21,22,24,25) have mixed types.Specify dtype option on import or set low_memory=False.
[2021-10-12 22:47:46,797] {logging_mixin.py:109} INFO - import 109_3_F_A data into pd.DataFrame successfully
[2021-10-12 22:47:46,969] {logging_mixin.py:109} INFO - import 109_3_H_B data into pd.DataFrame successfully
[2021-10-12 22:47:47,157] {logging_mixin.py:109} INFO - import 109_3_B_B data into pd.DataFrame successfully
[2021-10-12 22:47:47,157] {logging_mixin.py:109} INFO - 109S3.zip is a zip file, skip
[2021-10-12 22:47:47,409] {logging_mixin.py:109} INFO - import 109_4_E_A data into pd.DataFrame successfully
[2021-10-12 22:47:47,645] {logging_mixin.py:109} INFO - import 109_4_A_A data into pd.DataFrame successfully
[2021-10-12 22:47:47,984] {logging_mixin.py:109} INFO - import 109_4_F_A data into pd.DataFrame successfully
[2021-10-12 22:47:48,165] {logging_mixin.py:109} INFO - import 109_4_H_B data into pd.DataFrame successfully
[2021-10-12 22:47:48,367] {logging_mixin.py:109} INFO - import 109_4_B_B data into pd.DataFrame successfully
[2021-10-12 22:47:48,367] {logging_mixin.py:109} INFO - 109S4.zip is a zip file, skip
[2021-10-12 22:47:52,756] {python.py:151} INFO - Done. Returned value was: successfully
[2021-10-12 22:47:52,767] {taskinstance.py:1212} INFO - Marking task as SUCCESS. dag_id=estate_pipeline, task_id=data_reader, execution_date=20211011T120200, start_date=20211012T144737, end_date=20211012T144752
[2021-10-12 22:47:52,818] {local_task_job.py:151} INFO - Task exited with return code 0
[2021-10-12 22:47:52,832] {local_task_job.py:261} INFO - 1 downstream tasks scheduled from follow-on schedule check
